
🔍 正在解析文件: /mnt/bn/occupancy3d/workspace/mzj/mp_pretrain/checkpoints/vqvae_epoch1_step12500.pth

pre_vq_conv.conv.weight
pre_vq_conv.conv.bias
encoder_gpt.convs.0.conv.weight
encoder_gpt.convs.0.conv.bias
encoder_gpt.conv_last.conv.weight
encoder_gpt.conv_last.conv.bias
encoder_gpt.res_stack.0.block.0.weight
encoder_gpt.res_stack.0.block.0.bias
encoder_gpt.res_stack.0.block.0.running_mean
encoder_gpt.res_stack.0.block.0.running_var
encoder_gpt.res_stack.0.block.0.num_batches_tracked
encoder_gpt.res_stack.0.block.2.conv.weight
encoder_gpt.res_stack.0.block.3.weight
encoder_gpt.res_stack.0.block.3.bias
encoder_gpt.res_stack.0.block.3.running_mean
encoder_gpt.res_stack.0.block.3.running_var
encoder_gpt.res_stack.0.block.3.num_batches_tracked
encoder_gpt.res_stack.0.block.5.conv.weight
encoder_gpt.res_stack.0.block.6.weight
encoder_gpt.res_stack.0.block.6.bias
encoder_gpt.res_stack.0.block.6.running_mean
encoder_gpt.res_stack.0.block.6.running_var
encoder_gpt.res_stack.0.block.6.num_batches_tracked
encoder_gpt.res_stack.0.block.8.attn_w.w_qs.weight
encoder_gpt.res_stack.0.block.8.attn_w.w_ks.weight
encoder_gpt.res_stack.0.block.8.attn_w.w_vs.weight
encoder_gpt.res_stack.0.block.8.attn_w.fc.weight
encoder_gpt.res_stack.0.block.8.attn_w.fc.bias
encoder_gpt.res_stack.0.block.8.attn_h.w_qs.weight
encoder_gpt.res_stack.0.block.8.attn_h.w_ks.weight
encoder_gpt.res_stack.0.block.8.attn_h.w_vs.weight
encoder_gpt.res_stack.0.block.8.attn_h.fc.weight
encoder_gpt.res_stack.0.block.8.attn_h.fc.bias
encoder_gpt.res_stack.0.block.8.attn_t.w_qs.weight
encoder_gpt.res_stack.0.block.8.attn_t.w_ks.weight
encoder_gpt.res_stack.0.block.8.attn_t.w_vs.weight
encoder_gpt.res_stack.0.block.8.attn_t.fc.weight
encoder_gpt.res_stack.0.block.8.attn_t.fc.bias
encoder_gpt.res_stack.1.block.0.weight
encoder_gpt.res_stack.1.block.0.bias
encoder_gpt.res_stack.1.block.0.running_mean
encoder_gpt.res_stack.1.block.0.running_var
encoder_gpt.res_stack.1.block.0.num_batches_tracked
encoder_gpt.res_stack.1.block.2.conv.weight
encoder_gpt.res_stack.1.block.3.weight
encoder_gpt.res_stack.1.block.3.bias
encoder_gpt.res_stack.1.block.3.running_mean
encoder_gpt.res_stack.1.block.3.running_var
encoder_gpt.res_stack.1.block.3.num_batches_tracked
encoder_gpt.res_stack.1.block.5.conv.weight
encoder_gpt.res_stack.1.block.6.weight
encoder_gpt.res_stack.1.block.6.bias
encoder_gpt.res_stack.1.block.6.running_mean
encoder_gpt.res_stack.1.block.6.running_var
encoder_gpt.res_stack.1.block.6.num_batches_tracked
encoder_gpt.res_stack.1.block.8.attn_w.w_qs.weight
encoder_gpt.res_stack.1.block.8.attn_w.w_ks.weight
encoder_gpt.res_stack.1.block.8.attn_w.w_vs.weight
encoder_gpt.res_stack.1.block.8.attn_w.fc.weight
encoder_gpt.res_stack.1.block.8.attn_w.fc.bias
encoder_gpt.res_stack.1.block.8.attn_h.w_qs.weight
encoder_gpt.res_stack.1.block.8.attn_h.w_ks.weight
encoder_gpt.res_stack.1.block.8.attn_h.w_vs.weight
encoder_gpt.res_stack.1.block.8.attn_h.fc.weight
encoder_gpt.res_stack.1.block.8.attn_h.fc.bias
encoder_gpt.res_stack.1.block.8.attn_t.w_qs.weight
encoder_gpt.res_stack.1.block.8.attn_t.w_ks.weight
encoder_gpt.res_stack.1.block.8.attn_t.w_vs.weight
encoder_gpt.res_stack.1.block.8.attn_t.fc.weight
encoder_gpt.res_stack.1.block.8.attn_t.fc.bias
encoder_gpt.res_stack.2.block.0.weight
encoder_gpt.res_stack.2.block.0.bias
encoder_gpt.res_stack.2.block.0.running_mean
encoder_gpt.res_stack.2.block.0.running_var
encoder_gpt.res_stack.2.block.0.num_batches_tracked
encoder_gpt.res_stack.2.block.2.conv.weight
encoder_gpt.res_stack.2.block.3.weight
encoder_gpt.res_stack.2.block.3.bias
encoder_gpt.res_stack.2.block.3.running_mean
encoder_gpt.res_stack.2.block.3.running_var
encoder_gpt.res_stack.2.block.3.num_batches_tracked
encoder_gpt.res_stack.2.block.5.conv.weight
encoder_gpt.res_stack.2.block.6.weight
encoder_gpt.res_stack.2.block.6.bias
encoder_gpt.res_stack.2.block.6.running_mean
encoder_gpt.res_stack.2.block.6.running_var
encoder_gpt.res_stack.2.block.6.num_batches_tracked
encoder_gpt.res_stack.2.block.8.attn_w.w_qs.weight
encoder_gpt.res_stack.2.block.8.attn_w.w_ks.weight
encoder_gpt.res_stack.2.block.8.attn_w.w_vs.weight
encoder_gpt.res_stack.2.block.8.attn_w.fc.weight
encoder_gpt.res_stack.2.block.8.attn_w.fc.bias
encoder_gpt.res_stack.2.block.8.attn_h.w_qs.weight
encoder_gpt.res_stack.2.block.8.attn_h.w_ks.weight
encoder_gpt.res_stack.2.block.8.attn_h.w_vs.weight
encoder_gpt.res_stack.2.block.8.attn_h.fc.weight
encoder_gpt.res_stack.2.block.8.attn_h.fc.bias
encoder_gpt.res_stack.2.block.8.attn_t.w_qs.weight
encoder_gpt.res_stack.2.block.8.attn_t.w_ks.weight
encoder_gpt.res_stack.2.block.8.attn_t.w_vs.weight
encoder_gpt.res_stack.2.block.8.attn_t.fc.weight
encoder_gpt.res_stack.2.block.8.attn_t.fc.bias
encoder_gpt.res_stack.3.block.0.weight
encoder_gpt.res_stack.3.block.0.bias
encoder_gpt.res_stack.3.block.0.running_mean
encoder_gpt.res_stack.3.block.0.running_var
encoder_gpt.res_stack.3.block.0.num_batches_tracked
encoder_gpt.res_stack.3.block.2.conv.weight
encoder_gpt.res_stack.3.block.3.weight
encoder_gpt.res_stack.3.block.3.bias
encoder_gpt.res_stack.3.block.3.running_mean
encoder_gpt.res_stack.3.block.3.running_var
encoder_gpt.res_stack.3.block.3.num_batches_tracked
encoder_gpt.res_stack.3.block.5.conv.weight
encoder_gpt.res_stack.3.block.6.weight
encoder_gpt.res_stack.3.block.6.bias
encoder_gpt.res_stack.3.block.6.running_mean
encoder_gpt.res_stack.3.block.6.running_var
encoder_gpt.res_stack.3.block.6.num_batches_tracked
encoder_gpt.res_stack.3.block.8.attn_w.w_qs.weight
encoder_gpt.res_stack.3.block.8.attn_w.w_ks.weight
encoder_gpt.res_stack.3.block.8.attn_w.w_vs.weight
encoder_gpt.res_stack.3.block.8.attn_w.fc.weight
encoder_gpt.res_stack.3.block.8.attn_w.fc.bias
encoder_gpt.res_stack.3.block.8.attn_h.w_qs.weight
encoder_gpt.res_stack.3.block.8.attn_h.w_ks.weight
encoder_gpt.res_stack.3.block.8.attn_h.w_vs.weight
encoder_gpt.res_stack.3.block.8.attn_h.fc.weight
encoder_gpt.res_stack.3.block.8.attn_h.fc.bias
encoder_gpt.res_stack.3.block.8.attn_t.w_qs.weight
encoder_gpt.res_stack.3.block.8.attn_t.w_ks.weight
encoder_gpt.res_stack.3.block.8.attn_t.w_vs.weight
encoder_gpt.res_stack.3.block.8.attn_t.fc.weight
encoder_gpt.res_stack.3.block.8.attn_t.fc.bias
encoder_gpt.res_stack.4.block.0.weight
encoder_gpt.res_stack.4.block.0.bias
encoder_gpt.res_stack.4.block.0.running_mean
encoder_gpt.res_stack.4.block.0.running_var
encoder_gpt.res_stack.4.block.0.num_batches_tracked
encoder_gpt.res_stack.4.block.2.conv.weight
encoder_gpt.res_stack.4.block.3.weight
encoder_gpt.res_stack.4.block.3.bias
encoder_gpt.res_stack.4.block.3.running_mean
encoder_gpt.res_stack.4.block.3.running_var
encoder_gpt.res_stack.4.block.3.num_batches_tracked
encoder_gpt.res_stack.4.block.5.conv.weight
encoder_gpt.res_stack.4.block.6.weight
encoder_gpt.res_stack.4.block.6.bias
encoder_gpt.res_stack.4.block.6.running_mean
encoder_gpt.res_stack.4.block.6.running_var
encoder_gpt.res_stack.4.block.6.num_batches_tracked
encoder_gpt.res_stack.4.block.8.attn_w.w_qs.weight
encoder_gpt.res_stack.4.block.8.attn_w.w_ks.weight
encoder_gpt.res_stack.4.block.8.attn_w.w_vs.weight
encoder_gpt.res_stack.4.block.8.attn_w.fc.weight
encoder_gpt.res_stack.4.block.8.attn_w.fc.bias
encoder_gpt.res_stack.4.block.8.attn_h.w_qs.weight
encoder_gpt.res_stack.4.block.8.attn_h.w_ks.weight
encoder_gpt.res_stack.4.block.8.attn_h.w_vs.weight
encoder_gpt.res_stack.4.block.8.attn_h.fc.weight
encoder_gpt.res_stack.4.block.8.attn_h.fc.bias
encoder_gpt.res_stack.4.block.8.attn_t.w_qs.weight
encoder_gpt.res_stack.4.block.8.attn_t.w_ks.weight
encoder_gpt.res_stack.4.block.8.attn_t.w_vs.weight
encoder_gpt.res_stack.4.block.8.attn_t.fc.weight
encoder_gpt.res_stack.4.block.8.attn_t.fc.bias
encoder_gpt.res_stack.5.block.0.weight
encoder_gpt.res_stack.5.block.0.bias
encoder_gpt.res_stack.5.block.0.running_mean
encoder_gpt.res_stack.5.block.0.running_var
encoder_gpt.res_stack.5.block.0.num_batches_tracked
encoder_gpt.res_stack.5.block.2.conv.weight
encoder_gpt.res_stack.5.block.3.weight
encoder_gpt.res_stack.5.block.3.bias
encoder_gpt.res_stack.5.block.3.running_mean
encoder_gpt.res_stack.5.block.3.running_var
encoder_gpt.res_stack.5.block.3.num_batches_tracked
encoder_gpt.res_stack.5.block.5.conv.weight
encoder_gpt.res_stack.5.block.6.weight
encoder_gpt.res_stack.5.block.6.bias
encoder_gpt.res_stack.5.block.6.running_mean
encoder_gpt.res_stack.5.block.6.running_var
encoder_gpt.res_stack.5.block.6.num_batches_tracked
encoder_gpt.res_stack.5.block.8.attn_w.w_qs.weight
encoder_gpt.res_stack.5.block.8.attn_w.w_ks.weight
encoder_gpt.res_stack.5.block.8.attn_w.w_vs.weight
encoder_gpt.res_stack.5.block.8.attn_w.fc.weight
encoder_gpt.res_stack.5.block.8.attn_w.fc.bias
encoder_gpt.res_stack.5.block.8.attn_h.w_qs.weight
encoder_gpt.res_stack.5.block.8.attn_h.w_ks.weight
encoder_gpt.res_stack.5.block.8.attn_h.w_vs.weight
encoder_gpt.res_stack.5.block.8.attn_h.fc.weight
encoder_gpt.res_stack.5.block.8.attn_h.fc.bias
encoder_gpt.res_stack.5.block.8.attn_t.w_qs.weight
encoder_gpt.res_stack.5.block.8.attn_t.w_ks.weight
encoder_gpt.res_stack.5.block.8.attn_t.w_vs.weight
encoder_gpt.res_stack.5.block.8.attn_t.fc.weight
encoder_gpt.res_stack.5.block.8.attn_t.fc.bias
encoder_gpt.res_stack.6.block.0.weight
encoder_gpt.res_stack.6.block.0.bias
encoder_gpt.res_stack.6.block.0.running_mean
encoder_gpt.res_stack.6.block.0.running_var
encoder_gpt.res_stack.6.block.0.num_batches_tracked
encoder_gpt.res_stack.6.block.2.conv.weight
encoder_gpt.res_stack.6.block.3.weight
encoder_gpt.res_stack.6.block.3.bias
encoder_gpt.res_stack.6.block.3.running_mean
encoder_gpt.res_stack.6.block.3.running_var
encoder_gpt.res_stack.6.block.3.num_batches_tracked
encoder_gpt.res_stack.6.block.5.conv.weight
encoder_gpt.res_stack.6.block.6.weight
encoder_gpt.res_stack.6.block.6.bias
encoder_gpt.res_stack.6.block.6.running_mean
encoder_gpt.res_stack.6.block.6.running_var
encoder_gpt.res_stack.6.block.6.num_batches_tracked
encoder_gpt.res_stack.6.block.8.attn_w.w_qs.weight
encoder_gpt.res_stack.6.block.8.attn_w.w_ks.weight
encoder_gpt.res_stack.6.block.8.attn_w.w_vs.weight
encoder_gpt.res_stack.6.block.8.attn_w.fc.weight
encoder_gpt.res_stack.6.block.8.attn_w.fc.bias
encoder_gpt.res_stack.6.block.8.attn_h.w_qs.weight
encoder_gpt.res_stack.6.block.8.attn_h.w_ks.weight
encoder_gpt.res_stack.6.block.8.attn_h.w_vs.weight
encoder_gpt.res_stack.6.block.8.attn_h.fc.weight
encoder_gpt.res_stack.6.block.8.attn_h.fc.bias
encoder_gpt.res_stack.6.block.8.attn_t.w_qs.weight
encoder_gpt.res_stack.6.block.8.attn_t.w_ks.weight
encoder_gpt.res_stack.6.block.8.attn_t.w_vs.weight
encoder_gpt.res_stack.6.block.8.attn_t.fc.weight
encoder_gpt.res_stack.6.block.8.attn_t.fc.bias
encoder_gpt.res_stack.7.block.0.weight
encoder_gpt.res_stack.7.block.0.bias
encoder_gpt.res_stack.7.block.0.running_mean
encoder_gpt.res_stack.7.block.0.running_var
encoder_gpt.res_stack.7.block.0.num_batches_tracked
encoder_gpt.res_stack.7.block.2.conv.weight
encoder_gpt.res_stack.7.block.3.weight
encoder_gpt.res_stack.7.block.3.bias
encoder_gpt.res_stack.7.block.3.running_mean
encoder_gpt.res_stack.7.block.3.running_var
encoder_gpt.res_stack.7.block.3.num_batches_tracked
encoder_gpt.res_stack.7.block.5.conv.weight
encoder_gpt.res_stack.7.block.6.weight
encoder_gpt.res_stack.7.block.6.bias
encoder_gpt.res_stack.7.block.6.running_mean
encoder_gpt.res_stack.7.block.6.running_var
encoder_gpt.res_stack.7.block.6.num_batches_tracked
encoder_gpt.res_stack.7.block.8.attn_w.w_qs.weight
encoder_gpt.res_stack.7.block.8.attn_w.w_ks.weight
encoder_gpt.res_stack.7.block.8.attn_w.w_vs.weight
encoder_gpt.res_stack.7.block.8.attn_w.fc.weight
encoder_gpt.res_stack.7.block.8.attn_w.fc.bias
encoder_gpt.res_stack.7.block.8.attn_h.w_qs.weight
encoder_gpt.res_stack.7.block.8.attn_h.w_ks.weight
encoder_gpt.res_stack.7.block.8.attn_h.w_vs.weight
encoder_gpt.res_stack.7.block.8.attn_h.fc.weight
encoder_gpt.res_stack.7.block.8.attn_h.fc.bias
encoder_gpt.res_stack.7.block.8.attn_t.w_qs.weight
encoder_gpt.res_stack.7.block.8.attn_t.w_ks.weight
encoder_gpt.res_stack.7.block.8.attn_t.w_vs.weight
encoder_gpt.res_stack.7.block.8.attn_t.fc.weight
encoder_gpt.res_stack.7.block.8.attn_t.fc.bias
encoder_gpt.res_stack.8.block.0.weight
encoder_gpt.res_stack.8.block.0.bias
encoder_gpt.res_stack.8.block.0.running_mean
encoder_gpt.res_stack.8.block.0.running_var
encoder_gpt.res_stack.8.block.0.num_batches_tracked
encoder_gpt.res_stack.8.block.2.conv.weight
encoder_gpt.res_stack.8.block.3.weight
encoder_gpt.res_stack.8.block.3.bias
encoder_gpt.res_stack.8.block.3.running_mean
encoder_gpt.res_stack.8.block.3.running_var
encoder_gpt.res_stack.8.block.3.num_batches_tracked
encoder_gpt.res_stack.8.block.5.conv.weight
encoder_gpt.res_stack.8.block.6.weight
encoder_gpt.res_stack.8.block.6.bias
encoder_gpt.res_stack.8.block.6.running_mean
encoder_gpt.res_stack.8.block.6.running_var
encoder_gpt.res_stack.8.block.6.num_batches_tracked
encoder_gpt.res_stack.8.block.8.attn_w.w_qs.weight
encoder_gpt.res_stack.8.block.8.attn_w.w_ks.weight
encoder_gpt.res_stack.8.block.8.attn_w.w_vs.weight
encoder_gpt.res_stack.8.block.8.attn_w.fc.weight
encoder_gpt.res_stack.8.block.8.attn_w.fc.bias
encoder_gpt.res_stack.8.block.8.attn_h.w_qs.weight
encoder_gpt.res_stack.8.block.8.attn_h.w_ks.weight
encoder_gpt.res_stack.8.block.8.attn_h.w_vs.weight
encoder_gpt.res_stack.8.block.8.attn_h.fc.weight
encoder_gpt.res_stack.8.block.8.attn_h.fc.bias
encoder_gpt.res_stack.8.block.8.attn_t.w_qs.weight
encoder_gpt.res_stack.8.block.8.attn_t.w_ks.weight
encoder_gpt.res_stack.8.block.8.attn_t.w_vs.weight
encoder_gpt.res_stack.8.block.8.attn_t.fc.weight
encoder_gpt.res_stack.8.block.8.attn_t.fc.bias
encoder_gpt.res_stack.9.block.0.weight
encoder_gpt.res_stack.9.block.0.bias
encoder_gpt.res_stack.9.block.0.running_mean
encoder_gpt.res_stack.9.block.0.running_var
encoder_gpt.res_stack.9.block.0.num_batches_tracked
encoder_gpt.res_stack.9.block.2.conv.weight
encoder_gpt.res_stack.9.block.3.weight
encoder_gpt.res_stack.9.block.3.bias
encoder_gpt.res_stack.9.block.3.running_mean
encoder_gpt.res_stack.9.block.3.running_var
encoder_gpt.res_stack.9.block.3.num_batches_tracked
encoder_gpt.res_stack.9.block.5.conv.weight
encoder_gpt.res_stack.9.block.6.weight
encoder_gpt.res_stack.9.block.6.bias
encoder_gpt.res_stack.9.block.6.running_mean
encoder_gpt.res_stack.9.block.6.running_var
encoder_gpt.res_stack.9.block.6.num_batches_tracked
encoder_gpt.res_stack.9.block.8.attn_w.w_qs.weight
encoder_gpt.res_stack.9.block.8.attn_w.w_ks.weight
encoder_gpt.res_stack.9.block.8.attn_w.w_vs.weight
encoder_gpt.res_stack.9.block.8.attn_w.fc.weight
encoder_gpt.res_stack.9.block.8.attn_w.fc.bias
encoder_gpt.res_stack.9.block.8.attn_h.w_qs.weight
encoder_gpt.res_stack.9.block.8.attn_h.w_ks.weight
encoder_gpt.res_stack.9.block.8.attn_h.w_vs.weight
encoder_gpt.res_stack.9.block.8.attn_h.fc.weight
encoder_gpt.res_stack.9.block.8.attn_h.fc.bias
encoder_gpt.res_stack.9.block.8.attn_t.w_qs.weight
encoder_gpt.res_stack.9.block.8.attn_t.w_ks.weight
encoder_gpt.res_stack.9.block.8.attn_t.w_vs.weight
encoder_gpt.res_stack.9.block.8.attn_t.fc.weight
encoder_gpt.res_stack.9.block.8.attn_t.fc.bias
encoder_gpt.res_stack.10.block.0.weight
encoder_gpt.res_stack.10.block.0.bias
encoder_gpt.res_stack.10.block.0.running_mean
encoder_gpt.res_stack.10.block.0.running_var
encoder_gpt.res_stack.10.block.0.num_batches_tracked
encoder_gpt.res_stack.10.block.2.conv.weight
encoder_gpt.res_stack.10.block.3.weight
encoder_gpt.res_stack.10.block.3.bias
encoder_gpt.res_stack.10.block.3.running_mean
encoder_gpt.res_stack.10.block.3.running_var
encoder_gpt.res_stack.10.block.3.num_batches_tracked
encoder_gpt.res_stack.10.block.5.conv.weight
encoder_gpt.res_stack.10.block.6.weight
encoder_gpt.res_stack.10.block.6.bias
encoder_gpt.res_stack.10.block.6.running_mean
encoder_gpt.res_stack.10.block.6.running_var
encoder_gpt.res_stack.10.block.6.num_batches_tracked
encoder_gpt.res_stack.10.block.8.attn_w.w_qs.weight
encoder_gpt.res_stack.10.block.8.attn_w.w_ks.weight
encoder_gpt.res_stack.10.block.8.attn_w.w_vs.weight
encoder_gpt.res_stack.10.block.8.attn_w.fc.weight
encoder_gpt.res_stack.10.block.8.attn_w.fc.bias
encoder_gpt.res_stack.10.block.8.attn_h.w_qs.weight
encoder_gpt.res_stack.10.block.8.attn_h.w_ks.weight
encoder_gpt.res_stack.10.block.8.attn_h.w_vs.weight
encoder_gpt.res_stack.10.block.8.attn_h.fc.weight
encoder_gpt.res_stack.10.block.8.attn_h.fc.bias
encoder_gpt.res_stack.10.block.8.attn_t.w_qs.weight
encoder_gpt.res_stack.10.block.8.attn_t.w_ks.weight
encoder_gpt.res_stack.10.block.8.attn_t.w_vs.weight
encoder_gpt.res_stack.10.block.8.attn_t.fc.weight
encoder_gpt.res_stack.10.block.8.attn_t.fc.bias
encoder_gpt.res_stack.11.block.0.weight
encoder_gpt.res_stack.11.block.0.bias
encoder_gpt.res_stack.11.block.0.running_mean
encoder_gpt.res_stack.11.block.0.running_var
encoder_gpt.res_stack.11.block.0.num_batches_tracked
encoder_gpt.res_stack.11.block.2.conv.weight
encoder_gpt.res_stack.11.block.3.weight
encoder_gpt.res_stack.11.block.3.bias
encoder_gpt.res_stack.11.block.3.running_mean
encoder_gpt.res_stack.11.block.3.running_var
encoder_gpt.res_stack.11.block.3.num_batches_tracked
encoder_gpt.res_stack.11.block.5.conv.weight
encoder_gpt.res_stack.11.block.6.weight
encoder_gpt.res_stack.11.block.6.bias
encoder_gpt.res_stack.11.block.6.running_mean
encoder_gpt.res_stack.11.block.6.running_var
encoder_gpt.res_stack.11.block.6.num_batches_tracked
encoder_gpt.res_stack.11.block.8.attn_w.w_qs.weight
encoder_gpt.res_stack.11.block.8.attn_w.w_ks.weight
encoder_gpt.res_stack.11.block.8.attn_w.w_vs.weight
encoder_gpt.res_stack.11.block.8.attn_w.fc.weight
encoder_gpt.res_stack.11.block.8.attn_w.fc.bias
encoder_gpt.res_stack.11.block.8.attn_h.w_qs.weight
encoder_gpt.res_stack.11.block.8.attn_h.w_ks.weight
encoder_gpt.res_stack.11.block.8.attn_h.w_vs.weight
encoder_gpt.res_stack.11.block.8.attn_h.fc.weight
encoder_gpt.res_stack.11.block.8.attn_h.fc.bias
encoder_gpt.res_stack.11.block.8.attn_t.w_qs.weight
encoder_gpt.res_stack.11.block.8.attn_t.w_ks.weight
encoder_gpt.res_stack.11.block.8.attn_t.w_vs.weight
encoder_gpt.res_stack.11.block.8.attn_t.fc.weight
encoder_gpt.res_stack.11.block.8.attn_t.fc.bias
encoder_gpt.res_stack.12.block.0.weight
encoder_gpt.res_stack.12.block.0.bias
encoder_gpt.res_stack.12.block.0.running_mean
encoder_gpt.res_stack.12.block.0.running_var
encoder_gpt.res_stack.12.block.0.num_batches_tracked
encoder_gpt.res_stack.12.block.2.conv.weight
encoder_gpt.res_stack.12.block.3.weight
encoder_gpt.res_stack.12.block.3.bias
encoder_gpt.res_stack.12.block.3.running_mean
encoder_gpt.res_stack.12.block.3.running_var
encoder_gpt.res_stack.12.block.3.num_batches_tracked
encoder_gpt.res_stack.12.block.5.conv.weight
encoder_gpt.res_stack.12.block.6.weight
encoder_gpt.res_stack.12.block.6.bias
encoder_gpt.res_stack.12.block.6.running_mean
encoder_gpt.res_stack.12.block.6.running_var
encoder_gpt.res_stack.12.block.6.num_batches_tracked
encoder_gpt.res_stack.12.block.8.attn_w.w_qs.weight
encoder_gpt.res_stack.12.block.8.attn_w.w_ks.weight
encoder_gpt.res_stack.12.block.8.attn_w.w_vs.weight
encoder_gpt.res_stack.12.block.8.attn_w.fc.weight
encoder_gpt.res_stack.12.block.8.attn_w.fc.bias
encoder_gpt.res_stack.12.block.8.attn_h.w_qs.weight
encoder_gpt.res_stack.12.block.8.attn_h.w_ks.weight
encoder_gpt.res_stack.12.block.8.attn_h.w_vs.weight
encoder_gpt.res_stack.12.block.8.attn_h.fc.weight
encoder_gpt.res_stack.12.block.8.attn_h.fc.bias
encoder_gpt.res_stack.12.block.8.attn_t.w_qs.weight
encoder_gpt.res_stack.12.block.8.attn_t.w_ks.weight
encoder_gpt.res_stack.12.block.8.attn_t.w_vs.weight
encoder_gpt.res_stack.12.block.8.attn_t.fc.weight
encoder_gpt.res_stack.12.block.8.attn_t.fc.bias
encoder_gpt.res_stack.13.block.0.weight
encoder_gpt.res_stack.13.block.0.bias
encoder_gpt.res_stack.13.block.0.running_mean
encoder_gpt.res_stack.13.block.0.running_var
encoder_gpt.res_stack.13.block.0.num_batches_tracked
encoder_gpt.res_stack.13.block.2.conv.weight
encoder_gpt.res_stack.13.block.3.weight
encoder_gpt.res_stack.13.block.3.bias
encoder_gpt.res_stack.13.block.3.running_mean
encoder_gpt.res_stack.13.block.3.running_var
encoder_gpt.res_stack.13.block.3.num_batches_tracked
encoder_gpt.res_stack.13.block.5.conv.weight
encoder_gpt.res_stack.13.block.6.weight
encoder_gpt.res_stack.13.block.6.bias
encoder_gpt.res_stack.13.block.6.running_mean
encoder_gpt.res_stack.13.block.6.running_var
encoder_gpt.res_stack.13.block.6.num_batches_tracked
encoder_gpt.res_stack.13.block.8.attn_w.w_qs.weight
encoder_gpt.res_stack.13.block.8.attn_w.w_ks.weight
encoder_gpt.res_stack.13.block.8.attn_w.w_vs.weight
encoder_gpt.res_stack.13.block.8.attn_w.fc.weight
encoder_gpt.res_stack.13.block.8.attn_w.fc.bias
encoder_gpt.res_stack.13.block.8.attn_h.w_qs.weight
encoder_gpt.res_stack.13.block.8.attn_h.w_ks.weight
encoder_gpt.res_stack.13.block.8.attn_h.w_vs.weight
encoder_gpt.res_stack.13.block.8.attn_h.fc.weight
encoder_gpt.res_stack.13.block.8.attn_h.fc.bias
encoder_gpt.res_stack.13.block.8.attn_t.w_qs.weight
encoder_gpt.res_stack.13.block.8.attn_t.w_ks.weight
encoder_gpt.res_stack.13.block.8.attn_t.w_vs.weight
encoder_gpt.res_stack.13.block.8.attn_t.fc.weight
encoder_gpt.res_stack.13.block.8.attn_t.fc.bias
encoder_gpt.res_stack.14.block.0.weight
encoder_gpt.res_stack.14.block.0.bias
encoder_gpt.res_stack.14.block.0.running_mean
encoder_gpt.res_stack.14.block.0.running_var
encoder_gpt.res_stack.14.block.0.num_batches_tracked
encoder_gpt.res_stack.14.block.2.conv.weight
encoder_gpt.res_stack.14.block.3.weight
encoder_gpt.res_stack.14.block.3.bias
encoder_gpt.res_stack.14.block.3.running_mean
encoder_gpt.res_stack.14.block.3.running_var
encoder_gpt.res_stack.14.block.3.num_batches_tracked
encoder_gpt.res_stack.14.block.5.conv.weight
encoder_gpt.res_stack.14.block.6.weight
encoder_gpt.res_stack.14.block.6.bias
encoder_gpt.res_stack.14.block.6.running_mean
encoder_gpt.res_stack.14.block.6.running_var
encoder_gpt.res_stack.14.block.6.num_batches_tracked
encoder_gpt.res_stack.14.block.8.attn_w.w_qs.weight
encoder_gpt.res_stack.14.block.8.attn_w.w_ks.weight
encoder_gpt.res_stack.14.block.8.attn_w.w_vs.weight
encoder_gpt.res_stack.14.block.8.attn_w.fc.weight
encoder_gpt.res_stack.14.block.8.attn_w.fc.bias
encoder_gpt.res_stack.14.block.8.attn_h.w_qs.weight
encoder_gpt.res_stack.14.block.8.attn_h.w_ks.weight
encoder_gpt.res_stack.14.block.8.attn_h.w_vs.weight
encoder_gpt.res_stack.14.block.8.attn_h.fc.weight
encoder_gpt.res_stack.14.block.8.attn_h.fc.bias
encoder_gpt.res_stack.14.block.8.attn_t.w_qs.weight
encoder_gpt.res_stack.14.block.8.attn_t.w_ks.weight
encoder_gpt.res_stack.14.block.8.attn_t.w_vs.weight
encoder_gpt.res_stack.14.block.8.attn_t.fc.weight
encoder_gpt.res_stack.14.block.8.attn_t.fc.bias
encoder_gpt.res_stack.15.block.0.weight
encoder_gpt.res_stack.15.block.0.bias
encoder_gpt.res_stack.15.block.0.running_mean
encoder_gpt.res_stack.15.block.0.running_var
encoder_gpt.res_stack.15.block.0.num_batches_tracked
encoder_gpt.res_stack.15.block.2.conv.weight
encoder_gpt.res_stack.15.block.3.weight
encoder_gpt.res_stack.15.block.3.bias
encoder_gpt.res_stack.15.block.3.running_mean
encoder_gpt.res_stack.15.block.3.running_var
encoder_gpt.res_stack.15.block.3.num_batches_tracked
encoder_gpt.res_stack.15.block.5.conv.weight
encoder_gpt.res_stack.15.block.6.weight
encoder_gpt.res_stack.15.block.6.bias
encoder_gpt.res_stack.15.block.6.running_mean
encoder_gpt.res_stack.15.block.6.running_var
encoder_gpt.res_stack.15.block.6.num_batches_tracked
encoder_gpt.res_stack.15.block.8.attn_w.w_qs.weight
encoder_gpt.res_stack.15.block.8.attn_w.w_ks.weight
encoder_gpt.res_stack.15.block.8.attn_w.w_vs.weight
encoder_gpt.res_stack.15.block.8.attn_w.fc.weight
encoder_gpt.res_stack.15.block.8.attn_w.fc.bias
encoder_gpt.res_stack.15.block.8.attn_h.w_qs.weight
encoder_gpt.res_stack.15.block.8.attn_h.w_ks.weight
encoder_gpt.res_stack.15.block.8.attn_h.w_vs.weight
encoder_gpt.res_stack.15.block.8.attn_h.fc.weight
encoder_gpt.res_stack.15.block.8.attn_h.fc.bias
encoder_gpt.res_stack.15.block.8.attn_t.w_qs.weight
encoder_gpt.res_stack.15.block.8.attn_t.w_ks.weight
encoder_gpt.res_stack.15.block.8.attn_t.w_vs.weight
encoder_gpt.res_stack.15.block.8.attn_t.fc.weight
encoder_gpt.res_stack.15.block.8.attn_t.fc.bias
encoder_gpt.res_stack.16.block.0.weight
encoder_gpt.res_stack.16.block.0.bias
encoder_gpt.res_stack.16.block.0.running_mean
encoder_gpt.res_stack.16.block.0.running_var
encoder_gpt.res_stack.16.block.0.num_batches_tracked
encoder_gpt.res_stack.16.block.2.conv.weight
encoder_gpt.res_stack.16.block.3.weight
encoder_gpt.res_stack.16.block.3.bias
encoder_gpt.res_stack.16.block.3.running_mean
encoder_gpt.res_stack.16.block.3.running_var
encoder_gpt.res_stack.16.block.3.num_batches_tracked
encoder_gpt.res_stack.16.block.5.conv.weight
encoder_gpt.res_stack.16.block.6.weight
encoder_gpt.res_stack.16.block.6.bias
encoder_gpt.res_stack.16.block.6.running_mean
encoder_gpt.res_stack.16.block.6.running_var
encoder_gpt.res_stack.16.block.6.num_batches_tracked
encoder_gpt.res_stack.16.block.8.attn_w.w_qs.weight
encoder_gpt.res_stack.16.block.8.attn_w.w_ks.weight
encoder_gpt.res_stack.16.block.8.attn_w.w_vs.weight
encoder_gpt.res_stack.16.block.8.attn_w.fc.weight
encoder_gpt.res_stack.16.block.8.attn_w.fc.bias
encoder_gpt.res_stack.16.block.8.attn_h.w_qs.weight
encoder_gpt.res_stack.16.block.8.attn_h.w_ks.weight
encoder_gpt.res_stack.16.block.8.attn_h.w_vs.weight
encoder_gpt.res_stack.16.block.8.attn_h.fc.weight
encoder_gpt.res_stack.16.block.8.attn_h.fc.bias
encoder_gpt.res_stack.16.block.8.attn_t.w_qs.weight
encoder_gpt.res_stack.16.block.8.attn_t.w_ks.weight
encoder_gpt.res_stack.16.block.8.attn_t.w_vs.weight
encoder_gpt.res_stack.16.block.8.attn_t.fc.weight
encoder_gpt.res_stack.16.block.8.attn_t.fc.bias
encoder_gpt.res_stack.17.block.0.weight
encoder_gpt.res_stack.17.block.0.bias
encoder_gpt.res_stack.17.block.0.running_mean
encoder_gpt.res_stack.17.block.0.running_var
encoder_gpt.res_stack.17.block.0.num_batches_tracked
encoder_gpt.res_stack.17.block.2.conv.weight
encoder_gpt.res_stack.17.block.3.weight
encoder_gpt.res_stack.17.block.3.bias
encoder_gpt.res_stack.17.block.3.running_mean
encoder_gpt.res_stack.17.block.3.running_var
encoder_gpt.res_stack.17.block.3.num_batches_tracked
encoder_gpt.res_stack.17.block.5.conv.weight
encoder_gpt.res_stack.17.block.6.weight
encoder_gpt.res_stack.17.block.6.bias
encoder_gpt.res_stack.17.block.6.running_mean
encoder_gpt.res_stack.17.block.6.running_var
encoder_gpt.res_stack.17.block.6.num_batches_tracked
encoder_gpt.res_stack.17.block.8.attn_w.w_qs.weight
encoder_gpt.res_stack.17.block.8.attn_w.w_ks.weight
encoder_gpt.res_stack.17.block.8.attn_w.w_vs.weight
encoder_gpt.res_stack.17.block.8.attn_w.fc.weight
encoder_gpt.res_stack.17.block.8.attn_w.fc.bias
encoder_gpt.res_stack.17.block.8.attn_h.w_qs.weight
encoder_gpt.res_stack.17.block.8.attn_h.w_ks.weight
encoder_gpt.res_stack.17.block.8.attn_h.w_vs.weight
encoder_gpt.res_stack.17.block.8.attn_h.fc.weight
encoder_gpt.res_stack.17.block.8.attn_h.fc.bias
encoder_gpt.res_stack.17.block.8.attn_t.w_qs.weight
encoder_gpt.res_stack.17.block.8.attn_t.w_ks.weight
encoder_gpt.res_stack.17.block.8.attn_t.w_vs.weight
encoder_gpt.res_stack.17.block.8.attn_t.fc.weight
encoder_gpt.res_stack.17.block.8.attn_t.fc.bias
encoder_gpt.res_stack.18.block.0.weight
encoder_gpt.res_stack.18.block.0.bias
encoder_gpt.res_stack.18.block.0.running_mean
encoder_gpt.res_stack.18.block.0.running_var
encoder_gpt.res_stack.18.block.0.num_batches_tracked
encoder_gpt.res_stack.18.block.2.conv.weight
encoder_gpt.res_stack.18.block.3.weight
encoder_gpt.res_stack.18.block.3.bias
encoder_gpt.res_stack.18.block.3.running_mean
encoder_gpt.res_stack.18.block.3.running_var
encoder_gpt.res_stack.18.block.3.num_batches_tracked
encoder_gpt.res_stack.18.block.5.conv.weight
encoder_gpt.res_stack.18.block.6.weight
encoder_gpt.res_stack.18.block.6.bias
encoder_gpt.res_stack.18.block.6.running_mean
encoder_gpt.res_stack.18.block.6.running_var
encoder_gpt.res_stack.18.block.6.num_batches_tracked
encoder_gpt.res_stack.18.block.8.attn_w.w_qs.weight
encoder_gpt.res_stack.18.block.8.attn_w.w_ks.weight
encoder_gpt.res_stack.18.block.8.attn_w.w_vs.weight
encoder_gpt.res_stack.18.block.8.attn_w.fc.weight
encoder_gpt.res_stack.18.block.8.attn_w.fc.bias
encoder_gpt.res_stack.18.block.8.attn_h.w_qs.weight
encoder_gpt.res_stack.18.block.8.attn_h.w_ks.weight
encoder_gpt.res_stack.18.block.8.attn_h.w_vs.weight
encoder_gpt.res_stack.18.block.8.attn_h.fc.weight
encoder_gpt.res_stack.18.block.8.attn_h.fc.bias
encoder_gpt.res_stack.18.block.8.attn_t.w_qs.weight
encoder_gpt.res_stack.18.block.8.attn_t.w_ks.weight
encoder_gpt.res_stack.18.block.8.attn_t.w_vs.weight
encoder_gpt.res_stack.18.block.8.attn_t.fc.weight
encoder_gpt.res_stack.18.block.8.attn_t.fc.bias
encoder_gpt.res_stack.19.block.0.weight
encoder_gpt.res_stack.19.block.0.bias
encoder_gpt.res_stack.19.block.0.running_mean
encoder_gpt.res_stack.19.block.0.running_var
encoder_gpt.res_stack.19.block.0.num_batches_tracked
encoder_gpt.res_stack.19.block.2.conv.weight
encoder_gpt.res_stack.19.block.3.weight
encoder_gpt.res_stack.19.block.3.bias
encoder_gpt.res_stack.19.block.3.running_mean
encoder_gpt.res_stack.19.block.3.running_var
encoder_gpt.res_stack.19.block.3.num_batches_tracked
encoder_gpt.res_stack.19.block.5.conv.weight
encoder_gpt.res_stack.19.block.6.weight
encoder_gpt.res_stack.19.block.6.bias
encoder_gpt.res_stack.19.block.6.running_mean
encoder_gpt.res_stack.19.block.6.running_var
encoder_gpt.res_stack.19.block.6.num_batches_tracked
encoder_gpt.res_stack.19.block.8.attn_w.w_qs.weight
encoder_gpt.res_stack.19.block.8.attn_w.w_ks.weight
encoder_gpt.res_stack.19.block.8.attn_w.w_vs.weight
encoder_gpt.res_stack.19.block.8.attn_w.fc.weight
encoder_gpt.res_stack.19.block.8.attn_w.fc.bias
encoder_gpt.res_stack.19.block.8.attn_h.w_qs.weight
encoder_gpt.res_stack.19.block.8.attn_h.w_ks.weight
encoder_gpt.res_stack.19.block.8.attn_h.w_vs.weight
encoder_gpt.res_stack.19.block.8.attn_h.fc.weight
encoder_gpt.res_stack.19.block.8.attn_h.fc.bias
encoder_gpt.res_stack.19.block.8.attn_t.w_qs.weight
encoder_gpt.res_stack.19.block.8.attn_t.w_ks.weight
encoder_gpt.res_stack.19.block.8.attn_t.w_vs.weight
encoder_gpt.res_stack.19.block.8.attn_t.fc.weight
encoder_gpt.res_stack.19.block.8.attn_t.fc.bias
encoder_gpt.res_stack.20.block.0.weight
encoder_gpt.res_stack.20.block.0.bias
encoder_gpt.res_stack.20.block.0.running_mean
encoder_gpt.res_stack.20.block.0.running_var
encoder_gpt.res_stack.20.block.0.num_batches_tracked
encoder_gpt.res_stack.20.block.2.conv.weight
encoder_gpt.res_stack.20.block.3.weight
encoder_gpt.res_stack.20.block.3.bias
encoder_gpt.res_stack.20.block.3.running_mean
encoder_gpt.res_stack.20.block.3.running_var
encoder_gpt.res_stack.20.block.3.num_batches_tracked
encoder_gpt.res_stack.20.block.5.conv.weight
encoder_gpt.res_stack.20.block.6.weight
encoder_gpt.res_stack.20.block.6.bias
encoder_gpt.res_stack.20.block.6.running_mean
encoder_gpt.res_stack.20.block.6.running_var
encoder_gpt.res_stack.20.block.6.num_batches_tracked
encoder_gpt.res_stack.20.block.8.attn_w.w_qs.weight
encoder_gpt.res_stack.20.block.8.attn_w.w_ks.weight
encoder_gpt.res_stack.20.block.8.attn_w.w_vs.weight
encoder_gpt.res_stack.20.block.8.attn_w.fc.weight
encoder_gpt.res_stack.20.block.8.attn_w.fc.bias
encoder_gpt.res_stack.20.block.8.attn_h.w_qs.weight
encoder_gpt.res_stack.20.block.8.attn_h.w_ks.weight
encoder_gpt.res_stack.20.block.8.attn_h.w_vs.weight
encoder_gpt.res_stack.20.block.8.attn_h.fc.weight
encoder_gpt.res_stack.20.block.8.attn_h.fc.bias
encoder_gpt.res_stack.20.block.8.attn_t.w_qs.weight
encoder_gpt.res_stack.20.block.8.attn_t.w_ks.weight
encoder_gpt.res_stack.20.block.8.attn_t.w_vs.weight
encoder_gpt.res_stack.20.block.8.attn_t.fc.weight
encoder_gpt.res_stack.20.block.8.attn_t.fc.bias
encoder_gpt.res_stack.21.block.0.weight
encoder_gpt.res_stack.21.block.0.bias
encoder_gpt.res_stack.21.block.0.running_mean
encoder_gpt.res_stack.21.block.0.running_var
encoder_gpt.res_stack.21.block.0.num_batches_tracked
encoder_gpt.res_stack.21.block.2.conv.weight
encoder_gpt.res_stack.21.block.3.weight
encoder_gpt.res_stack.21.block.3.bias
encoder_gpt.res_stack.21.block.3.running_mean
encoder_gpt.res_stack.21.block.3.running_var
encoder_gpt.res_stack.21.block.3.num_batches_tracked
encoder_gpt.res_stack.21.block.5.conv.weight
encoder_gpt.res_stack.21.block.6.weight
encoder_gpt.res_stack.21.block.6.bias
encoder_gpt.res_stack.21.block.6.running_mean
encoder_gpt.res_stack.21.block.6.running_var
encoder_gpt.res_stack.21.block.6.num_batches_tracked
encoder_gpt.res_stack.21.block.8.attn_w.w_qs.weight
encoder_gpt.res_stack.21.block.8.attn_w.w_ks.weight
encoder_gpt.res_stack.21.block.8.attn_w.w_vs.weight
encoder_gpt.res_stack.21.block.8.attn_w.fc.weight
encoder_gpt.res_stack.21.block.8.attn_w.fc.bias
encoder_gpt.res_stack.21.block.8.attn_h.w_qs.weight
encoder_gpt.res_stack.21.block.8.attn_h.w_ks.weight
encoder_gpt.res_stack.21.block.8.attn_h.w_vs.weight
encoder_gpt.res_stack.21.block.8.attn_h.fc.weight
encoder_gpt.res_stack.21.block.8.attn_h.fc.bias
encoder_gpt.res_stack.21.block.8.attn_t.w_qs.weight
encoder_gpt.res_stack.21.block.8.attn_t.w_ks.weight
encoder_gpt.res_stack.21.block.8.attn_t.w_vs.weight
encoder_gpt.res_stack.21.block.8.attn_t.fc.weight
encoder_gpt.res_stack.21.block.8.attn_t.fc.bias
encoder_gpt.res_stack.22.block.0.weight
encoder_gpt.res_stack.22.block.0.bias
encoder_gpt.res_stack.22.block.0.running_mean
encoder_gpt.res_stack.22.block.0.running_var
encoder_gpt.res_stack.22.block.0.num_batches_tracked
encoder_gpt.res_stack.22.block.2.conv.weight
encoder_gpt.res_stack.22.block.3.weight
encoder_gpt.res_stack.22.block.3.bias
encoder_gpt.res_stack.22.block.3.running_mean
encoder_gpt.res_stack.22.block.3.running_var
encoder_gpt.res_stack.22.block.3.num_batches_tracked
encoder_gpt.res_stack.22.block.5.conv.weight
encoder_gpt.res_stack.22.block.6.weight
encoder_gpt.res_stack.22.block.6.bias
encoder_gpt.res_stack.22.block.6.running_mean
encoder_gpt.res_stack.22.block.6.running_var
encoder_gpt.res_stack.22.block.6.num_batches_tracked
encoder_gpt.res_stack.22.block.8.attn_w.w_qs.weight
encoder_gpt.res_stack.22.block.8.attn_w.w_ks.weight
encoder_gpt.res_stack.22.block.8.attn_w.w_vs.weight
encoder_gpt.res_stack.22.block.8.attn_w.fc.weight
encoder_gpt.res_stack.22.block.8.attn_w.fc.bias
encoder_gpt.res_stack.22.block.8.attn_h.w_qs.weight
encoder_gpt.res_stack.22.block.8.attn_h.w_ks.weight
encoder_gpt.res_stack.22.block.8.attn_h.w_vs.weight
encoder_gpt.res_stack.22.block.8.attn_h.fc.weight
encoder_gpt.res_stack.22.block.8.attn_h.fc.bias
encoder_gpt.res_stack.22.block.8.attn_t.w_qs.weight
encoder_gpt.res_stack.22.block.8.attn_t.w_ks.weight
encoder_gpt.res_stack.22.block.8.attn_t.w_vs.weight
encoder_gpt.res_stack.22.block.8.attn_t.fc.weight
encoder_gpt.res_stack.22.block.8.attn_t.fc.bias
encoder_gpt.res_stack.23.block.0.weight
encoder_gpt.res_stack.23.block.0.bias
encoder_gpt.res_stack.23.block.0.running_mean
encoder_gpt.res_stack.23.block.0.running_var
encoder_gpt.res_stack.23.block.0.num_batches_tracked
encoder_gpt.res_stack.23.block.2.conv.weight
encoder_gpt.res_stack.23.block.3.weight
encoder_gpt.res_stack.23.block.3.bias
encoder_gpt.res_stack.23.block.3.running_mean
encoder_gpt.res_stack.23.block.3.running_var
encoder_gpt.res_stack.23.block.3.num_batches_tracked
encoder_gpt.res_stack.23.block.5.conv.weight
encoder_gpt.res_stack.23.block.6.weight
encoder_gpt.res_stack.23.block.6.bias
encoder_gpt.res_stack.23.block.6.running_mean
encoder_gpt.res_stack.23.block.6.running_var
encoder_gpt.res_stack.23.block.6.num_batches_tracked
encoder_gpt.res_stack.23.block.8.attn_w.w_qs.weight
encoder_gpt.res_stack.23.block.8.attn_w.w_ks.weight
encoder_gpt.res_stack.23.block.8.attn_w.w_vs.weight
encoder_gpt.res_stack.23.block.8.attn_w.fc.weight
encoder_gpt.res_stack.23.block.8.attn_w.fc.bias
encoder_gpt.res_stack.23.block.8.attn_h.w_qs.weight
encoder_gpt.res_stack.23.block.8.attn_h.w_ks.weight
encoder_gpt.res_stack.23.block.8.attn_h.w_vs.weight
encoder_gpt.res_stack.23.block.8.attn_h.fc.weight
encoder_gpt.res_stack.23.block.8.attn_h.fc.bias
encoder_gpt.res_stack.23.block.8.attn_t.w_qs.weight
encoder_gpt.res_stack.23.block.8.attn_t.w_ks.weight
encoder_gpt.res_stack.23.block.8.attn_t.w_vs.weight
encoder_gpt.res_stack.23.block.8.attn_t.fc.weight
encoder_gpt.res_stack.23.block.8.attn_t.fc.bias
encoder_gpt.res_stack.24.weight
encoder_gpt.res_stack.24.bias
encoder_gpt.res_stack.24.running_mean
encoder_gpt.res_stack.24.running_var
encoder_gpt.res_stack.24.num_batches_tracked
post_vq_conv.conv.weight
post_vq_conv.conv.bias
decoder_gpt.res_stack.0.block.0.weight
decoder_gpt.res_stack.0.block.0.bias
decoder_gpt.res_stack.0.block.0.running_mean
decoder_gpt.res_stack.0.block.0.running_var
decoder_gpt.res_stack.0.block.0.num_batches_tracked
decoder_gpt.res_stack.0.block.2.conv.weight
decoder_gpt.res_stack.0.block.3.weight
decoder_gpt.res_stack.0.block.3.bias
decoder_gpt.res_stack.0.block.3.running_mean
decoder_gpt.res_stack.0.block.3.running_var
decoder_gpt.res_stack.0.block.3.num_batches_tracked
decoder_gpt.res_stack.0.block.5.conv.weight
decoder_gpt.res_stack.0.block.6.weight
decoder_gpt.res_stack.0.block.6.bias
decoder_gpt.res_stack.0.block.6.running_mean
decoder_gpt.res_stack.0.block.6.running_var
decoder_gpt.res_stack.0.block.6.num_batches_tracked
decoder_gpt.res_stack.0.block.8.attn_w.w_qs.weight
decoder_gpt.res_stack.0.block.8.attn_w.w_ks.weight
decoder_gpt.res_stack.0.block.8.attn_w.w_vs.weight
decoder_gpt.res_stack.0.block.8.attn_w.fc.weight
decoder_gpt.res_stack.0.block.8.attn_w.fc.bias
decoder_gpt.res_stack.0.block.8.attn_h.w_qs.weight
decoder_gpt.res_stack.0.block.8.attn_h.w_ks.weight
decoder_gpt.res_stack.0.block.8.attn_h.w_vs.weight
decoder_gpt.res_stack.0.block.8.attn_h.fc.weight
decoder_gpt.res_stack.0.block.8.attn_h.fc.bias
decoder_gpt.res_stack.0.block.8.attn_t.w_qs.weight
decoder_gpt.res_stack.0.block.8.attn_t.w_ks.weight
decoder_gpt.res_stack.0.block.8.attn_t.w_vs.weight
decoder_gpt.res_stack.0.block.8.attn_t.fc.weight
decoder_gpt.res_stack.0.block.8.attn_t.fc.bias
decoder_gpt.res_stack.1.block.0.weight
decoder_gpt.res_stack.1.block.0.bias
decoder_gpt.res_stack.1.block.0.running_mean
decoder_gpt.res_stack.1.block.0.running_var
decoder_gpt.res_stack.1.block.0.num_batches_tracked
decoder_gpt.res_stack.1.block.2.conv.weight
decoder_gpt.res_stack.1.block.3.weight
decoder_gpt.res_stack.1.block.3.bias
decoder_gpt.res_stack.1.block.3.running_mean
decoder_gpt.res_stack.1.block.3.running_var
decoder_gpt.res_stack.1.block.3.num_batches_tracked
decoder_gpt.res_stack.1.block.5.conv.weight
decoder_gpt.res_stack.1.block.6.weight
decoder_gpt.res_stack.1.block.6.bias
decoder_gpt.res_stack.1.block.6.running_mean
decoder_gpt.res_stack.1.block.6.running_var
decoder_gpt.res_stack.1.block.6.num_batches_tracked
decoder_gpt.res_stack.1.block.8.attn_w.w_qs.weight
decoder_gpt.res_stack.1.block.8.attn_w.w_ks.weight
decoder_gpt.res_stack.1.block.8.attn_w.w_vs.weight
decoder_gpt.res_stack.1.block.8.attn_w.fc.weight
decoder_gpt.res_stack.1.block.8.attn_w.fc.bias
decoder_gpt.res_stack.1.block.8.attn_h.w_qs.weight
decoder_gpt.res_stack.1.block.8.attn_h.w_ks.weight
decoder_gpt.res_stack.1.block.8.attn_h.w_vs.weight
decoder_gpt.res_stack.1.block.8.attn_h.fc.weight
decoder_gpt.res_stack.1.block.8.attn_h.fc.bias
decoder_gpt.res_stack.1.block.8.attn_t.w_qs.weight
decoder_gpt.res_stack.1.block.8.attn_t.w_ks.weight
decoder_gpt.res_stack.1.block.8.attn_t.w_vs.weight
decoder_gpt.res_stack.1.block.8.attn_t.fc.weight
decoder_gpt.res_stack.1.block.8.attn_t.fc.bias
decoder_gpt.res_stack.2.block.0.weight
decoder_gpt.res_stack.2.block.0.bias
decoder_gpt.res_stack.2.block.0.running_mean
decoder_gpt.res_stack.2.block.0.running_var
decoder_gpt.res_stack.2.block.0.num_batches_tracked
decoder_gpt.res_stack.2.block.2.conv.weight
decoder_gpt.res_stack.2.block.3.weight
decoder_gpt.res_stack.2.block.3.bias
decoder_gpt.res_stack.2.block.3.running_mean
decoder_gpt.res_stack.2.block.3.running_var
decoder_gpt.res_stack.2.block.3.num_batches_tracked
decoder_gpt.res_stack.2.block.5.conv.weight
decoder_gpt.res_stack.2.block.6.weight
decoder_gpt.res_stack.2.block.6.bias
decoder_gpt.res_stack.2.block.6.running_mean
decoder_gpt.res_stack.2.block.6.running_var
decoder_gpt.res_stack.2.block.6.num_batches_tracked
decoder_gpt.res_stack.2.block.8.attn_w.w_qs.weight
decoder_gpt.res_stack.2.block.8.attn_w.w_ks.weight
decoder_gpt.res_stack.2.block.8.attn_w.w_vs.weight
decoder_gpt.res_stack.2.block.8.attn_w.fc.weight
decoder_gpt.res_stack.2.block.8.attn_w.fc.bias
decoder_gpt.res_stack.2.block.8.attn_h.w_qs.weight
decoder_gpt.res_stack.2.block.8.attn_h.w_ks.weight
decoder_gpt.res_stack.2.block.8.attn_h.w_vs.weight
decoder_gpt.res_stack.2.block.8.attn_h.fc.weight
decoder_gpt.res_stack.2.block.8.attn_h.fc.bias
decoder_gpt.res_stack.2.block.8.attn_t.w_qs.weight
decoder_gpt.res_stack.2.block.8.attn_t.w_ks.weight
decoder_gpt.res_stack.2.block.8.attn_t.w_vs.weight
decoder_gpt.res_stack.2.block.8.attn_t.fc.weight
decoder_gpt.res_stack.2.block.8.attn_t.fc.bias
decoder_gpt.res_stack.3.block.0.weight
decoder_gpt.res_stack.3.block.0.bias
decoder_gpt.res_stack.3.block.0.running_mean
decoder_gpt.res_stack.3.block.0.running_var
decoder_gpt.res_stack.3.block.0.num_batches_tracked
decoder_gpt.res_stack.3.block.2.conv.weight
decoder_gpt.res_stack.3.block.3.weight
decoder_gpt.res_stack.3.block.3.bias
decoder_gpt.res_stack.3.block.3.running_mean
decoder_gpt.res_stack.3.block.3.running_var
decoder_gpt.res_stack.3.block.3.num_batches_tracked
decoder_gpt.res_stack.3.block.5.conv.weight
decoder_gpt.res_stack.3.block.6.weight
decoder_gpt.res_stack.3.block.6.bias
decoder_gpt.res_stack.3.block.6.running_mean
decoder_gpt.res_stack.3.block.6.running_var
decoder_gpt.res_stack.3.block.6.num_batches_tracked
decoder_gpt.res_stack.3.block.8.attn_w.w_qs.weight
decoder_gpt.res_stack.3.block.8.attn_w.w_ks.weight
decoder_gpt.res_stack.3.block.8.attn_w.w_vs.weight
decoder_gpt.res_stack.3.block.8.attn_w.fc.weight
decoder_gpt.res_stack.3.block.8.attn_w.fc.bias
decoder_gpt.res_stack.3.block.8.attn_h.w_qs.weight
decoder_gpt.res_stack.3.block.8.attn_h.w_ks.weight
decoder_gpt.res_stack.3.block.8.attn_h.w_vs.weight
decoder_gpt.res_stack.3.block.8.attn_h.fc.weight
decoder_gpt.res_stack.3.block.8.attn_h.fc.bias
decoder_gpt.res_stack.3.block.8.attn_t.w_qs.weight
decoder_gpt.res_stack.3.block.8.attn_t.w_ks.weight
decoder_gpt.res_stack.3.block.8.attn_t.w_vs.weight
decoder_gpt.res_stack.3.block.8.attn_t.fc.weight
decoder_gpt.res_stack.3.block.8.attn_t.fc.bias
decoder_gpt.res_stack.4.block.0.weight
decoder_gpt.res_stack.4.block.0.bias
decoder_gpt.res_stack.4.block.0.running_mean
decoder_gpt.res_stack.4.block.0.running_var
decoder_gpt.res_stack.4.block.0.num_batches_tracked
decoder_gpt.res_stack.4.block.2.conv.weight
decoder_gpt.res_stack.4.block.3.weight
decoder_gpt.res_stack.4.block.3.bias
decoder_gpt.res_stack.4.block.3.running_mean
decoder_gpt.res_stack.4.block.3.running_var
decoder_gpt.res_stack.4.block.3.num_batches_tracked
decoder_gpt.res_stack.4.block.5.conv.weight
decoder_gpt.res_stack.4.block.6.weight
decoder_gpt.res_stack.4.block.6.bias
decoder_gpt.res_stack.4.block.6.running_mean
decoder_gpt.res_stack.4.block.6.running_var
decoder_gpt.res_stack.4.block.6.num_batches_tracked
decoder_gpt.res_stack.4.block.8.attn_w.w_qs.weight
decoder_gpt.res_stack.4.block.8.attn_w.w_ks.weight
decoder_gpt.res_stack.4.block.8.attn_w.w_vs.weight
decoder_gpt.res_stack.4.block.8.attn_w.fc.weight
decoder_gpt.res_stack.4.block.8.attn_w.fc.bias
decoder_gpt.res_stack.4.block.8.attn_h.w_qs.weight
decoder_gpt.res_stack.4.block.8.attn_h.w_ks.weight
decoder_gpt.res_stack.4.block.8.attn_h.w_vs.weight
decoder_gpt.res_stack.4.block.8.attn_h.fc.weight
decoder_gpt.res_stack.4.block.8.attn_h.fc.bias
decoder_gpt.res_stack.4.block.8.attn_t.w_qs.weight
decoder_gpt.res_stack.4.block.8.attn_t.w_ks.weight
decoder_gpt.res_stack.4.block.8.attn_t.w_vs.weight
decoder_gpt.res_stack.4.block.8.attn_t.fc.weight
decoder_gpt.res_stack.4.block.8.attn_t.fc.bias
decoder_gpt.res_stack.5.block.0.weight
decoder_gpt.res_stack.5.block.0.bias
decoder_gpt.res_stack.5.block.0.running_mean
decoder_gpt.res_stack.5.block.0.running_var
decoder_gpt.res_stack.5.block.0.num_batches_tracked
decoder_gpt.res_stack.5.block.2.conv.weight
decoder_gpt.res_stack.5.block.3.weight
decoder_gpt.res_stack.5.block.3.bias
decoder_gpt.res_stack.5.block.3.running_mean
decoder_gpt.res_stack.5.block.3.running_var
decoder_gpt.res_stack.5.block.3.num_batches_tracked
decoder_gpt.res_stack.5.block.5.conv.weight
decoder_gpt.res_stack.5.block.6.weight
decoder_gpt.res_stack.5.block.6.bias
decoder_gpt.res_stack.5.block.6.running_mean
decoder_gpt.res_stack.5.block.6.running_var
decoder_gpt.res_stack.5.block.6.num_batches_tracked
decoder_gpt.res_stack.5.block.8.attn_w.w_qs.weight
decoder_gpt.res_stack.5.block.8.attn_w.w_ks.weight
decoder_gpt.res_stack.5.block.8.attn_w.w_vs.weight
decoder_gpt.res_stack.5.block.8.attn_w.fc.weight
decoder_gpt.res_stack.5.block.8.attn_w.fc.bias
decoder_gpt.res_stack.5.block.8.attn_h.w_qs.weight
decoder_gpt.res_stack.5.block.8.attn_h.w_ks.weight
decoder_gpt.res_stack.5.block.8.attn_h.w_vs.weight
decoder_gpt.res_stack.5.block.8.attn_h.fc.weight
decoder_gpt.res_stack.5.block.8.attn_h.fc.bias
decoder_gpt.res_stack.5.block.8.attn_t.w_qs.weight
decoder_gpt.res_stack.5.block.8.attn_t.w_ks.weight
decoder_gpt.res_stack.5.block.8.attn_t.w_vs.weight
decoder_gpt.res_stack.5.block.8.attn_t.fc.weight
decoder_gpt.res_stack.5.block.8.attn_t.fc.bias
decoder_gpt.res_stack.6.block.0.weight
decoder_gpt.res_stack.6.block.0.bias
decoder_gpt.res_stack.6.block.0.running_mean
decoder_gpt.res_stack.6.block.0.running_var
decoder_gpt.res_stack.6.block.0.num_batches_tracked
decoder_gpt.res_stack.6.block.2.conv.weight
decoder_gpt.res_stack.6.block.3.weight
decoder_gpt.res_stack.6.block.3.bias
decoder_gpt.res_stack.6.block.3.running_mean
decoder_gpt.res_stack.6.block.3.running_var
decoder_gpt.res_stack.6.block.3.num_batches_tracked
decoder_gpt.res_stack.6.block.5.conv.weight
decoder_gpt.res_stack.6.block.6.weight
decoder_gpt.res_stack.6.block.6.bias
decoder_gpt.res_stack.6.block.6.running_mean
decoder_gpt.res_stack.6.block.6.running_var
decoder_gpt.res_stack.6.block.6.num_batches_tracked
decoder_gpt.res_stack.6.block.8.attn_w.w_qs.weight
decoder_gpt.res_stack.6.block.8.attn_w.w_ks.weight
decoder_gpt.res_stack.6.block.8.attn_w.w_vs.weight
decoder_gpt.res_stack.6.block.8.attn_w.fc.weight
decoder_gpt.res_stack.6.block.8.attn_w.fc.bias
decoder_gpt.res_stack.6.block.8.attn_h.w_qs.weight
decoder_gpt.res_stack.6.block.8.attn_h.w_ks.weight
decoder_gpt.res_stack.6.block.8.attn_h.w_vs.weight
decoder_gpt.res_stack.6.block.8.attn_h.fc.weight
decoder_gpt.res_stack.6.block.8.attn_h.fc.bias
decoder_gpt.res_stack.6.block.8.attn_t.w_qs.weight
decoder_gpt.res_stack.6.block.8.attn_t.w_ks.weight
decoder_gpt.res_stack.6.block.8.attn_t.w_vs.weight
decoder_gpt.res_stack.6.block.8.attn_t.fc.weight
decoder_gpt.res_stack.6.block.8.attn_t.fc.bias
decoder_gpt.res_stack.7.block.0.weight
decoder_gpt.res_stack.7.block.0.bias
decoder_gpt.res_stack.7.block.0.running_mean
decoder_gpt.res_stack.7.block.0.running_var
decoder_gpt.res_stack.7.block.0.num_batches_tracked
decoder_gpt.res_stack.7.block.2.conv.weight
decoder_gpt.res_stack.7.block.3.weight
decoder_gpt.res_stack.7.block.3.bias
decoder_gpt.res_stack.7.block.3.running_mean
decoder_gpt.res_stack.7.block.3.running_var
decoder_gpt.res_stack.7.block.3.num_batches_tracked
decoder_gpt.res_stack.7.block.5.conv.weight
decoder_gpt.res_stack.7.block.6.weight
decoder_gpt.res_stack.7.block.6.bias
decoder_gpt.res_stack.7.block.6.running_mean
decoder_gpt.res_stack.7.block.6.running_var
decoder_gpt.res_stack.7.block.6.num_batches_tracked
decoder_gpt.res_stack.7.block.8.attn_w.w_qs.weight
decoder_gpt.res_stack.7.block.8.attn_w.w_ks.weight
decoder_gpt.res_stack.7.block.8.attn_w.w_vs.weight
decoder_gpt.res_stack.7.block.8.attn_w.fc.weight
decoder_gpt.res_stack.7.block.8.attn_w.fc.bias
decoder_gpt.res_stack.7.block.8.attn_h.w_qs.weight
decoder_gpt.res_stack.7.block.8.attn_h.w_ks.weight
decoder_gpt.res_stack.7.block.8.attn_h.w_vs.weight
decoder_gpt.res_stack.7.block.8.attn_h.fc.weight
decoder_gpt.res_stack.7.block.8.attn_h.fc.bias
decoder_gpt.res_stack.7.block.8.attn_t.w_qs.weight
decoder_gpt.res_stack.7.block.8.attn_t.w_ks.weight
decoder_gpt.res_stack.7.block.8.attn_t.w_vs.weight
decoder_gpt.res_stack.7.block.8.attn_t.fc.weight
decoder_gpt.res_stack.7.block.8.attn_t.fc.bias
decoder_gpt.res_stack.8.block.0.weight
decoder_gpt.res_stack.8.block.0.bias
decoder_gpt.res_stack.8.block.0.running_mean
decoder_gpt.res_stack.8.block.0.running_var
decoder_gpt.res_stack.8.block.0.num_batches_tracked
decoder_gpt.res_stack.8.block.2.conv.weight
decoder_gpt.res_stack.8.block.3.weight
decoder_gpt.res_stack.8.block.3.bias
decoder_gpt.res_stack.8.block.3.running_mean
decoder_gpt.res_stack.8.block.3.running_var
decoder_gpt.res_stack.8.block.3.num_batches_tracked
decoder_gpt.res_stack.8.block.5.conv.weight
decoder_gpt.res_stack.8.block.6.weight
decoder_gpt.res_stack.8.block.6.bias
decoder_gpt.res_stack.8.block.6.running_mean
decoder_gpt.res_stack.8.block.6.running_var
decoder_gpt.res_stack.8.block.6.num_batches_tracked
decoder_gpt.res_stack.8.block.8.attn_w.w_qs.weight
decoder_gpt.res_stack.8.block.8.attn_w.w_ks.weight
decoder_gpt.res_stack.8.block.8.attn_w.w_vs.weight
decoder_gpt.res_stack.8.block.8.attn_w.fc.weight
decoder_gpt.res_stack.8.block.8.attn_w.fc.bias
decoder_gpt.res_stack.8.block.8.attn_h.w_qs.weight
decoder_gpt.res_stack.8.block.8.attn_h.w_ks.weight
decoder_gpt.res_stack.8.block.8.attn_h.w_vs.weight
decoder_gpt.res_stack.8.block.8.attn_h.fc.weight
decoder_gpt.res_stack.8.block.8.attn_h.fc.bias
decoder_gpt.res_stack.8.block.8.attn_t.w_qs.weight
decoder_gpt.res_stack.8.block.8.attn_t.w_ks.weight
decoder_gpt.res_stack.8.block.8.attn_t.w_vs.weight
decoder_gpt.res_stack.8.block.8.attn_t.fc.weight
decoder_gpt.res_stack.8.block.8.attn_t.fc.bias
decoder_gpt.res_stack.9.block.0.weight
decoder_gpt.res_stack.9.block.0.bias
decoder_gpt.res_stack.9.block.0.running_mean
decoder_gpt.res_stack.9.block.0.running_var
decoder_gpt.res_stack.9.block.0.num_batches_tracked
decoder_gpt.res_stack.9.block.2.conv.weight
decoder_gpt.res_stack.9.block.3.weight
decoder_gpt.res_stack.9.block.3.bias
decoder_gpt.res_stack.9.block.3.running_mean
decoder_gpt.res_stack.9.block.3.running_var
decoder_gpt.res_stack.9.block.3.num_batches_tracked
decoder_gpt.res_stack.9.block.5.conv.weight
decoder_gpt.res_stack.9.block.6.weight
decoder_gpt.res_stack.9.block.6.bias
decoder_gpt.res_stack.9.block.6.running_mean
decoder_gpt.res_stack.9.block.6.running_var
decoder_gpt.res_stack.9.block.6.num_batches_tracked
decoder_gpt.res_stack.9.block.8.attn_w.w_qs.weight
decoder_gpt.res_stack.9.block.8.attn_w.w_ks.weight
decoder_gpt.res_stack.9.block.8.attn_w.w_vs.weight
decoder_gpt.res_stack.9.block.8.attn_w.fc.weight
decoder_gpt.res_stack.9.block.8.attn_w.fc.bias
decoder_gpt.res_stack.9.block.8.attn_h.w_qs.weight
decoder_gpt.res_stack.9.block.8.attn_h.w_ks.weight
decoder_gpt.res_stack.9.block.8.attn_h.w_vs.weight
decoder_gpt.res_stack.9.block.8.attn_h.fc.weight
decoder_gpt.res_stack.9.block.8.attn_h.fc.bias
decoder_gpt.res_stack.9.block.8.attn_t.w_qs.weight
decoder_gpt.res_stack.9.block.8.attn_t.w_ks.weight
decoder_gpt.res_stack.9.block.8.attn_t.w_vs.weight
decoder_gpt.res_stack.9.block.8.attn_t.fc.weight
decoder_gpt.res_stack.9.block.8.attn_t.fc.bias
decoder_gpt.res_stack.10.block.0.weight
decoder_gpt.res_stack.10.block.0.bias
decoder_gpt.res_stack.10.block.0.running_mean
decoder_gpt.res_stack.10.block.0.running_var
decoder_gpt.res_stack.10.block.0.num_batches_tracked
decoder_gpt.res_stack.10.block.2.conv.weight
decoder_gpt.res_stack.10.block.3.weight
decoder_gpt.res_stack.10.block.3.bias
decoder_gpt.res_stack.10.block.3.running_mean
decoder_gpt.res_stack.10.block.3.running_var
decoder_gpt.res_stack.10.block.3.num_batches_tracked
decoder_gpt.res_stack.10.block.5.conv.weight
decoder_gpt.res_stack.10.block.6.weight
decoder_gpt.res_stack.10.block.6.bias
decoder_gpt.res_stack.10.block.6.running_mean
decoder_gpt.res_stack.10.block.6.running_var
decoder_gpt.res_stack.10.block.6.num_batches_tracked
decoder_gpt.res_stack.10.block.8.attn_w.w_qs.weight
decoder_gpt.res_stack.10.block.8.attn_w.w_ks.weight
decoder_gpt.res_stack.10.block.8.attn_w.w_vs.weight
decoder_gpt.res_stack.10.block.8.attn_w.fc.weight
decoder_gpt.res_stack.10.block.8.attn_w.fc.bias
decoder_gpt.res_stack.10.block.8.attn_h.w_qs.weight
decoder_gpt.res_stack.10.block.8.attn_h.w_ks.weight
decoder_gpt.res_stack.10.block.8.attn_h.w_vs.weight
decoder_gpt.res_stack.10.block.8.attn_h.fc.weight
decoder_gpt.res_stack.10.block.8.attn_h.fc.bias
decoder_gpt.res_stack.10.block.8.attn_t.w_qs.weight
decoder_gpt.res_stack.10.block.8.attn_t.w_ks.weight
decoder_gpt.res_stack.10.block.8.attn_t.w_vs.weight
decoder_gpt.res_stack.10.block.8.attn_t.fc.weight
decoder_gpt.res_stack.10.block.8.attn_t.fc.bias
decoder_gpt.res_stack.11.block.0.weight
decoder_gpt.res_stack.11.block.0.bias
decoder_gpt.res_stack.11.block.0.running_mean
decoder_gpt.res_stack.11.block.0.running_var
decoder_gpt.res_stack.11.block.0.num_batches_tracked
decoder_gpt.res_stack.11.block.2.conv.weight
decoder_gpt.res_stack.11.block.3.weight
decoder_gpt.res_stack.11.block.3.bias
decoder_gpt.res_stack.11.block.3.running_mean
decoder_gpt.res_stack.11.block.3.running_var
decoder_gpt.res_stack.11.block.3.num_batches_tracked
decoder_gpt.res_stack.11.block.5.conv.weight
decoder_gpt.res_stack.11.block.6.weight
decoder_gpt.res_stack.11.block.6.bias
decoder_gpt.res_stack.11.block.6.running_mean
decoder_gpt.res_stack.11.block.6.running_var
decoder_gpt.res_stack.11.block.6.num_batches_tracked
decoder_gpt.res_stack.11.block.8.attn_w.w_qs.weight
decoder_gpt.res_stack.11.block.8.attn_w.w_ks.weight
decoder_gpt.res_stack.11.block.8.attn_w.w_vs.weight
decoder_gpt.res_stack.11.block.8.attn_w.fc.weight
decoder_gpt.res_stack.11.block.8.attn_w.fc.bias
decoder_gpt.res_stack.11.block.8.attn_h.w_qs.weight
decoder_gpt.res_stack.11.block.8.attn_h.w_ks.weight
decoder_gpt.res_stack.11.block.8.attn_h.w_vs.weight
decoder_gpt.res_stack.11.block.8.attn_h.fc.weight
decoder_gpt.res_stack.11.block.8.attn_h.fc.bias
decoder_gpt.res_stack.11.block.8.attn_t.w_qs.weight
decoder_gpt.res_stack.11.block.8.attn_t.w_ks.weight
decoder_gpt.res_stack.11.block.8.attn_t.w_vs.weight
decoder_gpt.res_stack.11.block.8.attn_t.fc.weight
decoder_gpt.res_stack.11.block.8.attn_t.fc.bias
decoder_gpt.res_stack.12.block.0.weight
decoder_gpt.res_stack.12.block.0.bias
decoder_gpt.res_stack.12.block.0.running_mean
decoder_gpt.res_stack.12.block.0.running_var
decoder_gpt.res_stack.12.block.0.num_batches_tracked
decoder_gpt.res_stack.12.block.2.conv.weight
decoder_gpt.res_stack.12.block.3.weight
decoder_gpt.res_stack.12.block.3.bias
decoder_gpt.res_stack.12.block.3.running_mean
decoder_gpt.res_stack.12.block.3.running_var
decoder_gpt.res_stack.12.block.3.num_batches_tracked
decoder_gpt.res_stack.12.block.5.conv.weight
decoder_gpt.res_stack.12.block.6.weight
decoder_gpt.res_stack.12.block.6.bias
decoder_gpt.res_stack.12.block.6.running_mean
decoder_gpt.res_stack.12.block.6.running_var
decoder_gpt.res_stack.12.block.6.num_batches_tracked
decoder_gpt.res_stack.12.block.8.attn_w.w_qs.weight
decoder_gpt.res_stack.12.block.8.attn_w.w_ks.weight
decoder_gpt.res_stack.12.block.8.attn_w.w_vs.weight
decoder_gpt.res_stack.12.block.8.attn_w.fc.weight
decoder_gpt.res_stack.12.block.8.attn_w.fc.bias
decoder_gpt.res_stack.12.block.8.attn_h.w_qs.weight
decoder_gpt.res_stack.12.block.8.attn_h.w_ks.weight
decoder_gpt.res_stack.12.block.8.attn_h.w_vs.weight
decoder_gpt.res_stack.12.block.8.attn_h.fc.weight
decoder_gpt.res_stack.12.block.8.attn_h.fc.bias
decoder_gpt.res_stack.12.block.8.attn_t.w_qs.weight
decoder_gpt.res_stack.12.block.8.attn_t.w_ks.weight
decoder_gpt.res_stack.12.block.8.attn_t.w_vs.weight
decoder_gpt.res_stack.12.block.8.attn_t.fc.weight
decoder_gpt.res_stack.12.block.8.attn_t.fc.bias
decoder_gpt.res_stack.13.block.0.weight
decoder_gpt.res_stack.13.block.0.bias
decoder_gpt.res_stack.13.block.0.running_mean
decoder_gpt.res_stack.13.block.0.running_var
decoder_gpt.res_stack.13.block.0.num_batches_tracked
decoder_gpt.res_stack.13.block.2.conv.weight
decoder_gpt.res_stack.13.block.3.weight
decoder_gpt.res_stack.13.block.3.bias
decoder_gpt.res_stack.13.block.3.running_mean
decoder_gpt.res_stack.13.block.3.running_var
decoder_gpt.res_stack.13.block.3.num_batches_tracked
decoder_gpt.res_stack.13.block.5.conv.weight
decoder_gpt.res_stack.13.block.6.weight
decoder_gpt.res_stack.13.block.6.bias
decoder_gpt.res_stack.13.block.6.running_mean
decoder_gpt.res_stack.13.block.6.running_var
decoder_gpt.res_stack.13.block.6.num_batches_tracked
decoder_gpt.res_stack.13.block.8.attn_w.w_qs.weight
decoder_gpt.res_stack.13.block.8.attn_w.w_ks.weight
decoder_gpt.res_stack.13.block.8.attn_w.w_vs.weight
decoder_gpt.res_stack.13.block.8.attn_w.fc.weight
decoder_gpt.res_stack.13.block.8.attn_w.fc.bias
decoder_gpt.res_stack.13.block.8.attn_h.w_qs.weight
decoder_gpt.res_stack.13.block.8.attn_h.w_ks.weight
decoder_gpt.res_stack.13.block.8.attn_h.w_vs.weight
decoder_gpt.res_stack.13.block.8.attn_h.fc.weight
decoder_gpt.res_stack.13.block.8.attn_h.fc.bias
decoder_gpt.res_stack.13.block.8.attn_t.w_qs.weight
decoder_gpt.res_stack.13.block.8.attn_t.w_ks.weight
decoder_gpt.res_stack.13.block.8.attn_t.w_vs.weight
decoder_gpt.res_stack.13.block.8.attn_t.fc.weight
decoder_gpt.res_stack.13.block.8.attn_t.fc.bias
decoder_gpt.res_stack.14.block.0.weight
decoder_gpt.res_stack.14.block.0.bias
decoder_gpt.res_stack.14.block.0.running_mean
decoder_gpt.res_stack.14.block.0.running_var
decoder_gpt.res_stack.14.block.0.num_batches_tracked
decoder_gpt.res_stack.14.block.2.conv.weight
decoder_gpt.res_stack.14.block.3.weight
decoder_gpt.res_stack.14.block.3.bias
decoder_gpt.res_stack.14.block.3.running_mean
decoder_gpt.res_stack.14.block.3.running_var
decoder_gpt.res_stack.14.block.3.num_batches_tracked
decoder_gpt.res_stack.14.block.5.conv.weight
decoder_gpt.res_stack.14.block.6.weight
decoder_gpt.res_stack.14.block.6.bias
decoder_gpt.res_stack.14.block.6.running_mean
decoder_gpt.res_stack.14.block.6.running_var
decoder_gpt.res_stack.14.block.6.num_batches_tracked
decoder_gpt.res_stack.14.block.8.attn_w.w_qs.weight
decoder_gpt.res_stack.14.block.8.attn_w.w_ks.weight
decoder_gpt.res_stack.14.block.8.attn_w.w_vs.weight
decoder_gpt.res_stack.14.block.8.attn_w.fc.weight
decoder_gpt.res_stack.14.block.8.attn_w.fc.bias
decoder_gpt.res_stack.14.block.8.attn_h.w_qs.weight
decoder_gpt.res_stack.14.block.8.attn_h.w_ks.weight
decoder_gpt.res_stack.14.block.8.attn_h.w_vs.weight
decoder_gpt.res_stack.14.block.8.attn_h.fc.weight
decoder_gpt.res_stack.14.block.8.attn_h.fc.bias
decoder_gpt.res_stack.14.block.8.attn_t.w_qs.weight
decoder_gpt.res_stack.14.block.8.attn_t.w_ks.weight
decoder_gpt.res_stack.14.block.8.attn_t.w_vs.weight
decoder_gpt.res_stack.14.block.8.attn_t.fc.weight
decoder_gpt.res_stack.14.block.8.attn_t.fc.bias
decoder_gpt.res_stack.15.block.0.weight
decoder_gpt.res_stack.15.block.0.bias
decoder_gpt.res_stack.15.block.0.running_mean
decoder_gpt.res_stack.15.block.0.running_var
decoder_gpt.res_stack.15.block.0.num_batches_tracked
decoder_gpt.res_stack.15.block.2.conv.weight
decoder_gpt.res_stack.15.block.3.weight
decoder_gpt.res_stack.15.block.3.bias
decoder_gpt.res_stack.15.block.3.running_mean
decoder_gpt.res_stack.15.block.3.running_var
decoder_gpt.res_stack.15.block.3.num_batches_tracked
decoder_gpt.res_stack.15.block.5.conv.weight
decoder_gpt.res_stack.15.block.6.weight
decoder_gpt.res_stack.15.block.6.bias
decoder_gpt.res_stack.15.block.6.running_mean
decoder_gpt.res_stack.15.block.6.running_var
decoder_gpt.res_stack.15.block.6.num_batches_tracked
decoder_gpt.res_stack.15.block.8.attn_w.w_qs.weight
decoder_gpt.res_stack.15.block.8.attn_w.w_ks.weight
decoder_gpt.res_stack.15.block.8.attn_w.w_vs.weight
decoder_gpt.res_stack.15.block.8.attn_w.fc.weight
decoder_gpt.res_stack.15.block.8.attn_w.fc.bias
decoder_gpt.res_stack.15.block.8.attn_h.w_qs.weight
decoder_gpt.res_stack.15.block.8.attn_h.w_ks.weight
decoder_gpt.res_stack.15.block.8.attn_h.w_vs.weight
decoder_gpt.res_stack.15.block.8.attn_h.fc.weight
decoder_gpt.res_stack.15.block.8.attn_h.fc.bias
decoder_gpt.res_stack.15.block.8.attn_t.w_qs.weight
decoder_gpt.res_stack.15.block.8.attn_t.w_ks.weight
decoder_gpt.res_stack.15.block.8.attn_t.w_vs.weight
decoder_gpt.res_stack.15.block.8.attn_t.fc.weight
decoder_gpt.res_stack.15.block.8.attn_t.fc.bias
decoder_gpt.res_stack.16.block.0.weight
decoder_gpt.res_stack.16.block.0.bias
decoder_gpt.res_stack.16.block.0.running_mean
decoder_gpt.res_stack.16.block.0.running_var
decoder_gpt.res_stack.16.block.0.num_batches_tracked
decoder_gpt.res_stack.16.block.2.conv.weight
decoder_gpt.res_stack.16.block.3.weight
decoder_gpt.res_stack.16.block.3.bias
decoder_gpt.res_stack.16.block.3.running_mean
decoder_gpt.res_stack.16.block.3.running_var
decoder_gpt.res_stack.16.block.3.num_batches_tracked
decoder_gpt.res_stack.16.block.5.conv.weight
decoder_gpt.res_stack.16.block.6.weight
decoder_gpt.res_stack.16.block.6.bias
decoder_gpt.res_stack.16.block.6.running_mean
decoder_gpt.res_stack.16.block.6.running_var
decoder_gpt.res_stack.16.block.6.num_batches_tracked
decoder_gpt.res_stack.16.block.8.attn_w.w_qs.weight
decoder_gpt.res_stack.16.block.8.attn_w.w_ks.weight
decoder_gpt.res_stack.16.block.8.attn_w.w_vs.weight
decoder_gpt.res_stack.16.block.8.attn_w.fc.weight
decoder_gpt.res_stack.16.block.8.attn_w.fc.bias
decoder_gpt.res_stack.16.block.8.attn_h.w_qs.weight
decoder_gpt.res_stack.16.block.8.attn_h.w_ks.weight
decoder_gpt.res_stack.16.block.8.attn_h.w_vs.weight
decoder_gpt.res_stack.16.block.8.attn_h.fc.weight
decoder_gpt.res_stack.16.block.8.attn_h.fc.bias
decoder_gpt.res_stack.16.block.8.attn_t.w_qs.weight
decoder_gpt.res_stack.16.block.8.attn_t.w_ks.weight
decoder_gpt.res_stack.16.block.8.attn_t.w_vs.weight
decoder_gpt.res_stack.16.block.8.attn_t.fc.weight
decoder_gpt.res_stack.16.block.8.attn_t.fc.bias
decoder_gpt.res_stack.17.block.0.weight
decoder_gpt.res_stack.17.block.0.bias
decoder_gpt.res_stack.17.block.0.running_mean
decoder_gpt.res_stack.17.block.0.running_var
decoder_gpt.res_stack.17.block.0.num_batches_tracked
decoder_gpt.res_stack.17.block.2.conv.weight
decoder_gpt.res_stack.17.block.3.weight
decoder_gpt.res_stack.17.block.3.bias
decoder_gpt.res_stack.17.block.3.running_mean
decoder_gpt.res_stack.17.block.3.running_var
decoder_gpt.res_stack.17.block.3.num_batches_tracked
decoder_gpt.res_stack.17.block.5.conv.weight
decoder_gpt.res_stack.17.block.6.weight
decoder_gpt.res_stack.17.block.6.bias
decoder_gpt.res_stack.17.block.6.running_mean
decoder_gpt.res_stack.17.block.6.running_var
decoder_gpt.res_stack.17.block.6.num_batches_tracked
decoder_gpt.res_stack.17.block.8.attn_w.w_qs.weight
decoder_gpt.res_stack.17.block.8.attn_w.w_ks.weight
decoder_gpt.res_stack.17.block.8.attn_w.w_vs.weight
decoder_gpt.res_stack.17.block.8.attn_w.fc.weight
decoder_gpt.res_stack.17.block.8.attn_w.fc.bias
decoder_gpt.res_stack.17.block.8.attn_h.w_qs.weight
decoder_gpt.res_stack.17.block.8.attn_h.w_ks.weight
decoder_gpt.res_stack.17.block.8.attn_h.w_vs.weight
decoder_gpt.res_stack.17.block.8.attn_h.fc.weight
decoder_gpt.res_stack.17.block.8.attn_h.fc.bias
decoder_gpt.res_stack.17.block.8.attn_t.w_qs.weight
decoder_gpt.res_stack.17.block.8.attn_t.w_ks.weight
decoder_gpt.res_stack.17.block.8.attn_t.w_vs.weight
decoder_gpt.res_stack.17.block.8.attn_t.fc.weight
decoder_gpt.res_stack.17.block.8.attn_t.fc.bias
decoder_gpt.res_stack.18.block.0.weight
decoder_gpt.res_stack.18.block.0.bias
decoder_gpt.res_stack.18.block.0.running_mean
decoder_gpt.res_stack.18.block.0.running_var
decoder_gpt.res_stack.18.block.0.num_batches_tracked
decoder_gpt.res_stack.18.block.2.conv.weight
decoder_gpt.res_stack.18.block.3.weight
decoder_gpt.res_stack.18.block.3.bias
decoder_gpt.res_stack.18.block.3.running_mean
decoder_gpt.res_stack.18.block.3.running_var
decoder_gpt.res_stack.18.block.3.num_batches_tracked
decoder_gpt.res_stack.18.block.5.conv.weight
decoder_gpt.res_stack.18.block.6.weight
decoder_gpt.res_stack.18.block.6.bias
decoder_gpt.res_stack.18.block.6.running_mean
decoder_gpt.res_stack.18.block.6.running_var
decoder_gpt.res_stack.18.block.6.num_batches_tracked
decoder_gpt.res_stack.18.block.8.attn_w.w_qs.weight
decoder_gpt.res_stack.18.block.8.attn_w.w_ks.weight
decoder_gpt.res_stack.18.block.8.attn_w.w_vs.weight
decoder_gpt.res_stack.18.block.8.attn_w.fc.weight
decoder_gpt.res_stack.18.block.8.attn_w.fc.bias
decoder_gpt.res_stack.18.block.8.attn_h.w_qs.weight
decoder_gpt.res_stack.18.block.8.attn_h.w_ks.weight
decoder_gpt.res_stack.18.block.8.attn_h.w_vs.weight
decoder_gpt.res_stack.18.block.8.attn_h.fc.weight
decoder_gpt.res_stack.18.block.8.attn_h.fc.bias
decoder_gpt.res_stack.18.block.8.attn_t.w_qs.weight
decoder_gpt.res_stack.18.block.8.attn_t.w_ks.weight
decoder_gpt.res_stack.18.block.8.attn_t.w_vs.weight
decoder_gpt.res_stack.18.block.8.attn_t.fc.weight
decoder_gpt.res_stack.18.block.8.attn_t.fc.bias
decoder_gpt.res_stack.19.block.0.weight
decoder_gpt.res_stack.19.block.0.bias
decoder_gpt.res_stack.19.block.0.running_mean
decoder_gpt.res_stack.19.block.0.running_var
decoder_gpt.res_stack.19.block.0.num_batches_tracked
decoder_gpt.res_stack.19.block.2.conv.weight
decoder_gpt.res_stack.19.block.3.weight
decoder_gpt.res_stack.19.block.3.bias
decoder_gpt.res_stack.19.block.3.running_mean
decoder_gpt.res_stack.19.block.3.running_var
decoder_gpt.res_stack.19.block.3.num_batches_tracked
decoder_gpt.res_stack.19.block.5.conv.weight
decoder_gpt.res_stack.19.block.6.weight
decoder_gpt.res_stack.19.block.6.bias
decoder_gpt.res_stack.19.block.6.running_mean
decoder_gpt.res_stack.19.block.6.running_var
decoder_gpt.res_stack.19.block.6.num_batches_tracked
decoder_gpt.res_stack.19.block.8.attn_w.w_qs.weight
decoder_gpt.res_stack.19.block.8.attn_w.w_ks.weight
decoder_gpt.res_stack.19.block.8.attn_w.w_vs.weight
decoder_gpt.res_stack.19.block.8.attn_w.fc.weight
decoder_gpt.res_stack.19.block.8.attn_w.fc.bias
decoder_gpt.res_stack.19.block.8.attn_h.w_qs.weight
decoder_gpt.res_stack.19.block.8.attn_h.w_ks.weight
decoder_gpt.res_stack.19.block.8.attn_h.w_vs.weight
decoder_gpt.res_stack.19.block.8.attn_h.fc.weight
decoder_gpt.res_stack.19.block.8.attn_h.fc.bias
decoder_gpt.res_stack.19.block.8.attn_t.w_qs.weight
decoder_gpt.res_stack.19.block.8.attn_t.w_ks.weight
decoder_gpt.res_stack.19.block.8.attn_t.w_vs.weight
decoder_gpt.res_stack.19.block.8.attn_t.fc.weight
decoder_gpt.res_stack.19.block.8.attn_t.fc.bias
decoder_gpt.res_stack.20.block.0.weight
decoder_gpt.res_stack.20.block.0.bias
decoder_gpt.res_stack.20.block.0.running_mean
decoder_gpt.res_stack.20.block.0.running_var
decoder_gpt.res_stack.20.block.0.num_batches_tracked
decoder_gpt.res_stack.20.block.2.conv.weight
decoder_gpt.res_stack.20.block.3.weight
decoder_gpt.res_stack.20.block.3.bias
decoder_gpt.res_stack.20.block.3.running_mean
decoder_gpt.res_stack.20.block.3.running_var
decoder_gpt.res_stack.20.block.3.num_batches_tracked
decoder_gpt.res_stack.20.block.5.conv.weight
decoder_gpt.res_stack.20.block.6.weight
decoder_gpt.res_stack.20.block.6.bias
decoder_gpt.res_stack.20.block.6.running_mean
decoder_gpt.res_stack.20.block.6.running_var
decoder_gpt.res_stack.20.block.6.num_batches_tracked
decoder_gpt.res_stack.20.block.8.attn_w.w_qs.weight
decoder_gpt.res_stack.20.block.8.attn_w.w_ks.weight
decoder_gpt.res_stack.20.block.8.attn_w.w_vs.weight
decoder_gpt.res_stack.20.block.8.attn_w.fc.weight
decoder_gpt.res_stack.20.block.8.attn_w.fc.bias
decoder_gpt.res_stack.20.block.8.attn_h.w_qs.weight
decoder_gpt.res_stack.20.block.8.attn_h.w_ks.weight
decoder_gpt.res_stack.20.block.8.attn_h.w_vs.weight
decoder_gpt.res_stack.20.block.8.attn_h.fc.weight
decoder_gpt.res_stack.20.block.8.attn_h.fc.bias
decoder_gpt.res_stack.20.block.8.attn_t.w_qs.weight
decoder_gpt.res_stack.20.block.8.attn_t.w_ks.weight
decoder_gpt.res_stack.20.block.8.attn_t.w_vs.weight
decoder_gpt.res_stack.20.block.8.attn_t.fc.weight
decoder_gpt.res_stack.20.block.8.attn_t.fc.bias
decoder_gpt.res_stack.21.block.0.weight
decoder_gpt.res_stack.21.block.0.bias
decoder_gpt.res_stack.21.block.0.running_mean
decoder_gpt.res_stack.21.block.0.running_var
decoder_gpt.res_stack.21.block.0.num_batches_tracked
decoder_gpt.res_stack.21.block.2.conv.weight
decoder_gpt.res_stack.21.block.3.weight
decoder_gpt.res_stack.21.block.3.bias
decoder_gpt.res_stack.21.block.3.running_mean
decoder_gpt.res_stack.21.block.3.running_var
decoder_gpt.res_stack.21.block.3.num_batches_tracked
decoder_gpt.res_stack.21.block.5.conv.weight
decoder_gpt.res_stack.21.block.6.weight
decoder_gpt.res_stack.21.block.6.bias
decoder_gpt.res_stack.21.block.6.running_mean
decoder_gpt.res_stack.21.block.6.running_var
decoder_gpt.res_stack.21.block.6.num_batches_tracked
decoder_gpt.res_stack.21.block.8.attn_w.w_qs.weight
decoder_gpt.res_stack.21.block.8.attn_w.w_ks.weight
decoder_gpt.res_stack.21.block.8.attn_w.w_vs.weight
decoder_gpt.res_stack.21.block.8.attn_w.fc.weight
decoder_gpt.res_stack.21.block.8.attn_w.fc.bias
decoder_gpt.res_stack.21.block.8.attn_h.w_qs.weight
decoder_gpt.res_stack.21.block.8.attn_h.w_ks.weight
decoder_gpt.res_stack.21.block.8.attn_h.w_vs.weight
decoder_gpt.res_stack.21.block.8.attn_h.fc.weight
decoder_gpt.res_stack.21.block.8.attn_h.fc.bias
decoder_gpt.res_stack.21.block.8.attn_t.w_qs.weight
decoder_gpt.res_stack.21.block.8.attn_t.w_ks.weight
decoder_gpt.res_stack.21.block.8.attn_t.w_vs.weight
decoder_gpt.res_stack.21.block.8.attn_t.fc.weight
decoder_gpt.res_stack.21.block.8.attn_t.fc.bias
decoder_gpt.res_stack.22.block.0.weight
decoder_gpt.res_stack.22.block.0.bias
decoder_gpt.res_stack.22.block.0.running_mean
decoder_gpt.res_stack.22.block.0.running_var
decoder_gpt.res_stack.22.block.0.num_batches_tracked
decoder_gpt.res_stack.22.block.2.conv.weight
decoder_gpt.res_stack.22.block.3.weight
decoder_gpt.res_stack.22.block.3.bias
decoder_gpt.res_stack.22.block.3.running_mean
decoder_gpt.res_stack.22.block.3.running_var
decoder_gpt.res_stack.22.block.3.num_batches_tracked
decoder_gpt.res_stack.22.block.5.conv.weight
decoder_gpt.res_stack.22.block.6.weight
decoder_gpt.res_stack.22.block.6.bias
decoder_gpt.res_stack.22.block.6.running_mean
decoder_gpt.res_stack.22.block.6.running_var
decoder_gpt.res_stack.22.block.6.num_batches_tracked
decoder_gpt.res_stack.22.block.8.attn_w.w_qs.weight
decoder_gpt.res_stack.22.block.8.attn_w.w_ks.weight
decoder_gpt.res_stack.22.block.8.attn_w.w_vs.weight
decoder_gpt.res_stack.22.block.8.attn_w.fc.weight
decoder_gpt.res_stack.22.block.8.attn_w.fc.bias
decoder_gpt.res_stack.22.block.8.attn_h.w_qs.weight
decoder_gpt.res_stack.22.block.8.attn_h.w_ks.weight
decoder_gpt.res_stack.22.block.8.attn_h.w_vs.weight
decoder_gpt.res_stack.22.block.8.attn_h.fc.weight
decoder_gpt.res_stack.22.block.8.attn_h.fc.bias
decoder_gpt.res_stack.22.block.8.attn_t.w_qs.weight
decoder_gpt.res_stack.22.block.8.attn_t.w_ks.weight
decoder_gpt.res_stack.22.block.8.attn_t.w_vs.weight
decoder_gpt.res_stack.22.block.8.attn_t.fc.weight
decoder_gpt.res_stack.22.block.8.attn_t.fc.bias
decoder_gpt.res_stack.23.block.0.weight
decoder_gpt.res_stack.23.block.0.bias
decoder_gpt.res_stack.23.block.0.running_mean
decoder_gpt.res_stack.23.block.0.running_var
decoder_gpt.res_stack.23.block.0.num_batches_tracked
decoder_gpt.res_stack.23.block.2.conv.weight
decoder_gpt.res_stack.23.block.3.weight
decoder_gpt.res_stack.23.block.3.bias
decoder_gpt.res_stack.23.block.3.running_mean
decoder_gpt.res_stack.23.block.3.running_var
decoder_gpt.res_stack.23.block.3.num_batches_tracked
decoder_gpt.res_stack.23.block.5.conv.weight
decoder_gpt.res_stack.23.block.6.weight
decoder_gpt.res_stack.23.block.6.bias
decoder_gpt.res_stack.23.block.6.running_mean
decoder_gpt.res_stack.23.block.6.running_var
decoder_gpt.res_stack.23.block.6.num_batches_tracked
decoder_gpt.res_stack.23.block.8.attn_w.w_qs.weight
decoder_gpt.res_stack.23.block.8.attn_w.w_ks.weight
decoder_gpt.res_stack.23.block.8.attn_w.w_vs.weight
decoder_gpt.res_stack.23.block.8.attn_w.fc.weight
decoder_gpt.res_stack.23.block.8.attn_w.fc.bias
decoder_gpt.res_stack.23.block.8.attn_h.w_qs.weight
decoder_gpt.res_stack.23.block.8.attn_h.w_ks.weight
decoder_gpt.res_stack.23.block.8.attn_h.w_vs.weight
decoder_gpt.res_stack.23.block.8.attn_h.fc.weight
decoder_gpt.res_stack.23.block.8.attn_h.fc.bias
decoder_gpt.res_stack.23.block.8.attn_t.w_qs.weight
decoder_gpt.res_stack.23.block.8.attn_t.w_ks.weight
decoder_gpt.res_stack.23.block.8.attn_t.w_vs.weight
decoder_gpt.res_stack.23.block.8.attn_t.fc.weight
decoder_gpt.res_stack.23.block.8.attn_t.fc.bias
decoder_gpt.res_stack.24.weight
decoder_gpt.res_stack.24.bias
decoder_gpt.res_stack.24.running_mean
decoder_gpt.res_stack.24.running_var
decoder_gpt.res_stack.24.num_batches_tracked
decoder_gpt.convts.0.convt.weight
decoder_gpt.convts.0.convt.bias
embedder.weight
embedder.bias
embedder_t.weight
embedder_t.bias
vqvae.embedding.weight
vqvae.quant_conv.weight
vqvae.quant_conv.bias
vqvae.post_quant_conv.weight
vqvae.post_quant_conv.bias
📌 检测到字典类型数据，可能是 `state_dict` 或自定义数据

📜 **解析内容:**

🔹 `epoch`: 类型=<class 'int'> (非 Tensor)
🔹 `vqvae_state_dict`: 类型=<class 'collections.OrderedDict'> (非 Tensor)
🔹 `optimizer_state_dict`: 类型=<class 'dict'> (非 Tensor)
🔹 `lr_scheduler_state_dict`: 类型=<class 'NoneType'> (非 Tensor)
